{"C:\\Users\\azuce\\OneDrive\\Escritorio\\TesisProyect\\src\\controllers\\authController.js": {"path":"C:\\Users\\azuce\\OneDrive\\Escritorio\\TesisProyect\\src\\controllers\\authController.js","statementMap":{"0":{"start":{"line":1,"column":21},"end":{"line":1,"column":53}},"1":{"start":{"line":2,"column":13},"end":{"line":2,"column":38}},"2":{"start":{"line":3,"column":103},"end":{"line":3,"column":133}},"3":{"start":{"line":4,"column":21},"end":{"line":4,"column":52}},"4":{"start":{"line":5,"column":31},"end":{"line":5,"column":63}},"5":{"start":{"line":6,"column":23},"end":{"line":6,"column":53}},"6":{"start":{"line":13,"column":0},"end":{"line":45,"column":3}},"7":{"start":{"line":14,"column":64},"end":{"line":14,"column":72}},"8":{"start":{"line":16,"column":21},"end":{"line":16,"column":50}},"9":{"start":{"line":17,"column":2},"end":{"line":20,"column":3}},"10":{"start":{"line":18,"column":4},"end":{"line":18,"column":20}},"11":{"start":{"line":19,"column":4},"end":{"line":19,"column":44}},"12":{"start":{"line":22,"column":15},"end":{"line":29,"column":4}},"13":{"start":{"line":31,"column":2},"end":{"line":44,"column":3}},"14":{"start":{"line":32,"column":4},"end":{"line":32,"column":79}},"15":{"start":{"line":34,"column":4},"end":{"line":40,"column":7}},"16":{"start":{"line":42,"column":4},"end":{"line":42,"column":20}},"17":{"start":{"line":43,"column":4},"end":{"line":43,"column":50}},"18":{"start":{"line":52,"column":0},"end":{"line":78,"column":3}},"19":{"start":{"line":53,"column":30},"end":{"line":53,"column":38}},"20":{"start":{"line":55,"column":15},"end":{"line":55,"column":44}},"21":{"start":{"line":57,"column":2},"end":{"line":77,"column":3}},"22":{"start":{"line":58,"column":24},"end":{"line":58,"column":49}},"23":{"start":{"line":59,"column":25},"end":{"line":59,"column":57}},"24":{"start":{"line":61,"column":4},"end":{"line":61,"column":76}},"25":{"start":{"line":63,"column":4},"end":{"line":72,"column":7}},"26":{"start":{"line":74,"column":4},"end":{"line":74,"column":53}},"27":{"start":{"line":75,"column":4},"end":{"line":75,"column":20}},"28":{"start":{"line":76,"column":4},"end":{"line":76,"column":46}},"29":{"start":{"line":85,"column":0},"end":{"line":117,"column":3}},"30":{"start":{"line":86,"column":27},"end":{"line":86,"column":35}},"31":{"start":{"line":88,"column":2},"end":{"line":91,"column":3}},"32":{"start":{"line":89,"column":4},"end":{"line":89,"column":20}},"33":{"start":{"line":90,"column":4},"end":{"line":90,"column":50}},"34":{"start":{"line":93,"column":2},"end":{"line":116,"column":3}},"35":{"start":{"line":95,"column":20},"end":{"line":95,"column":67}},"36":{"start":{"line":98,"column":17},"end":{"line":98,"column":52}},"37":{"start":{"line":99,"column":4},"end":{"line":102,"column":5}},"38":{"start":{"line":100,"column":6},"end":{"line":100,"column":22}},"39":{"start":{"line":101,"column":6},"end":{"line":101,"column":47}},"40":{"start":{"line":105,"column":27},"end":{"line":105,"column":52}},"41":{"start":{"line":106,"column":28},"end":{"line":106,"column":60}},"42":{"start":{"line":108,"column":4},"end":{"line":111,"column":7}},"43":{"start":{"line":114,"column":4},"end":{"line":114,"column":20}},"44":{"start":{"line":115,"column":4},"end":{"line":115,"column":57}},"45":{"start":{"line":124,"column":0},"end":{"line":132,"column":3}},"46":{"start":{"line":125,"column":27},"end":{"line":125,"column":35}},"47":{"start":{"line":127,"column":2},"end":{"line":129,"column":3}},"48":{"start":{"line":128,"column":4},"end":{"line":128,"column":43}},"49":{"start":{"line":131,"column":2},"end":{"line":131,"column":67}},"50":{"start":{"line":139,"column":0},"end":{"line":161,"column":3}},"51":{"start":{"line":140,"column":17},"end":{"line":140,"column":27}},"52":{"start":{"line":141,"column":19},"end":{"line":141,"column":43}},"53":{"start":{"line":144,"column":21},"end":{"line":144,"column":45}},"54":{"start":{"line":145,"column":2},"end":{"line":147,"column":3}},"55":{"start":{"line":146,"column":4},"end":{"line":146,"column":44}},"56":{"start":{"line":150,"column":15},"end":{"line":150,"column":62}},"57":{"start":{"line":152,"column":2},"end":{"line":155,"column":3}},"58":{"start":{"line":153,"column":4},"end":{"line":153,"column":20}},"59":{"start":{"line":154,"column":4},"end":{"line":154,"column":45}},"60":{"start":{"line":158,"column":2},"end":{"line":158,"column":37}},"61":{"start":{"line":160,"column":2},"end":{"line":160,"column":29}}},"fnMap":{"0":{"name":"(anonymous_0)","decl":{"start":{"line":13,"column":32},"end":{"line":13,"column":33}},"loc":{"start":{"line":13,"column":52},"end":{"line":45,"column":1}},"line":13},"1":{"name":"(anonymous_1)","decl":{"start":{"line":52,"column":29},"end":{"line":52,"column":30}},"loc":{"start":{"line":52,"column":49},"end":{"line":78,"column":1}},"line":52},"2":{"name":"(anonymous_2)","decl":{"start":{"line":85,"column":36},"end":{"line":85,"column":37}},"loc":{"start":{"line":85,"column":56},"end":{"line":117,"column":1}},"line":85},"3":{"name":"(anonymous_3)","decl":{"start":{"line":124,"column":30},"end":{"line":124,"column":31}},"loc":{"start":{"line":124,"column":50},"end":{"line":132,"column":1}},"line":124},"4":{"name":"(anonymous_4)","decl":{"start":{"line":139,"column":29},"end":{"line":139,"column":30}},"loc":{"start":{"line":139,"column":49},"end":{"line":161,"column":1}},"line":139}},"branchMap":{"0":{"loc":{"start":{"line":17,"column":2},"end":{"line":20,"column":3}},"type":"if","locations":[{"start":{"line":17,"column":2},"end":{"line":20,"column":3}},{"start":{},"end":{}}],"line":17},"1":{"loc":{"start":{"line":28,"column":10},"end":{"line":28,"column":36}},"type":"binary-expr","locations":[{"start":{"line":28,"column":10},"end":{"line":28,"column":14}},{"start":{"line":28,"column":18},"end":{"line":28,"column":36}}],"line":28},"2":{"loc":{"start":{"line":31,"column":2},"end":{"line":44,"column":3}},"type":"if","locations":[{"start":{"line":31,"column":2},"end":{"line":44,"column":3}},{"start":{"line":41,"column":9},"end":{"line":44,"column":3}}],"line":31},"3":{"loc":{"start":{"line":57,"column":2},"end":{"line":77,"column":3}},"type":"if","locations":[{"start":{"line":57,"column":2},"end":{"line":77,"column":3}},{"start":{"line":73,"column":9},"end":{"line":77,"column":3}}],"line":57},"4":{"loc":{"start":{"line":57,"column":6},"end":{"line":57,"column":50}},"type":"binary-expr","locations":[{"start":{"line":57,"column":6},"end":{"line":57,"column":10}},{"start":{"line":57,"column":15},"end":{"line":57,"column":49}}],"line":57},"5":{"loc":{"start":{"line":88,"column":2},"end":{"line":91,"column":3}},"type":"if","locations":[{"start":{"line":88,"column":2},"end":{"line":91,"column":3}},{"start":{},"end":{}}],"line":88},"6":{"loc":{"start":{"line":99,"column":4},"end":{"line":102,"column":5}},"type":"if","locations":[{"start":{"line":99,"column":4},"end":{"line":102,"column":5}},{"start":{},"end":{}}],"line":99},"7":{"loc":{"start":{"line":127,"column":2},"end":{"line":129,"column":3}},"type":"if","locations":[{"start":{"line":127,"column":2},"end":{"line":129,"column":3}},{"start":{},"end":{}}],"line":127},"8":{"loc":{"start":{"line":145,"column":2},"end":{"line":147,"column":3}},"type":"if","locations":[{"start":{"line":145,"column":2},"end":{"line":147,"column":3}},{"start":{},"end":{}}],"line":145},"9":{"loc":{"start":{"line":152,"column":2},"end":{"line":155,"column":3}},"type":"if","locations":[{"start":{"line":152,"column":2},"end":{"line":155,"column":3}},{"start":{},"end":{}}],"line":152}},"s":{"0":1,"1":1,"2":1,"3":1,"4":1,"5":1,"6":1,"7":4,"8":4,"9":4,"10":1,"11":1,"12":3,"13":3,"14":3,"15":3,"16":0,"17":0,"18":1,"19":2,"20":2,"21":2,"22":1,"23":1,"24":1,"25":1,"26":1,"27":1,"28":1,"29":1,"30":0,"31":0,"32":0,"33":0,"34":0,"35":0,"36":0,"37":0,"38":0,"39":0,"40":0,"41":0,"42":0,"43":0,"44":0,"45":1,"46":0,"47":0,"48":0,"49":0,"50":1,"51":0,"52":0,"53":0,"54":0,"55":0,"56":0,"57":0,"58":0,"59":0,"60":0,"61":0},"f":{"0":4,"1":2,"2":0,"3":0,"4":0},"b":{"0":[1,3],"1":[3,3],"2":[3,0],"3":[1,1],"4":[2,1],"5":[0,0],"6":[0,0],"7":[0,0],"8":[0,0],"9":[0,0]},"_coverageSchema":"1a1c01bbd47fc00a2c39e90264f33305004495a9","hash":"c4489b7872cedbaf00b8b150975575e84b9deb78"}
,"C:\\Users\\azuce\\OneDrive\\Escritorio\\TesisProyect\\src\\controllers\\healthController.js": {"path":"C:\\Users\\azuce\\OneDrive\\Escritorio\\TesisProyect\\src\\controllers\\healthController.js","statementMap":{"0":{"start":{"line":2,"column":27},"end":{"line":2,"column":59}},"1":{"start":{"line":3,"column":17},"end":{"line":3,"column":36}},"2":{"start":{"line":11,"column":22},"end":{"line":22,"column":1}},"3":{"start":{"line":12,"column":4},"end":{"line":21,"column":5}},"4":{"start":{"line":14,"column":8},"end":{"line":18,"column":11}},"5":{"start":{"line":20,"column":8},"end":{"line":20,"column":20}},"6":{"start":{"line":30,"column":23},"end":{"line":81,"column":1}},"7":{"start":{"line":31,"column":4},"end":{"line":80,"column":5}},"8":{"start":{"line":32,"column":23},"end":{"line":35,"column":9}},"9":{"start":{"line":37,"column":28},"end":{"line":37,"column":32}},"10":{"start":{"line":40,"column":8},"end":{"line":48,"column":9}},"11":{"start":{"line":41,"column":12},"end":{"line":41,"column":66}},"12":{"start":{"line":42,"column":12},"end":{"line":44,"column":13}},"13":{"start":{"line":43,"column":16},"end":{"line":43,"column":39}},"14":{"start":{"line":46,"column":12},"end":{"line":46,"column":35}},"15":{"start":{"line":47,"column":12},"end":{"line":47,"column":35}},"16":{"start":{"line":51,"column":8},"end":{"line":59,"column":9}},"17":{"start":{"line":52,"column":12},"end":{"line":52,"column":50}},"18":{"start":{"line":53,"column":12},"end":{"line":55,"column":13}},"19":{"start":{"line":54,"column":16},"end":{"line":54,"column":39}},"20":{"start":{"line":57,"column":12},"end":{"line":57,"column":33}},"21":{"start":{"line":58,"column":12},"end":{"line":58,"column":35}},"22":{"start":{"line":62,"column":27},"end":{"line":73,"column":9}},"23":{"start":{"line":76,"column":27},"end":{"line":76,"column":61}},"24":{"start":{"line":77,"column":8},"end":{"line":77,"column":48}},"25":{"start":{"line":79,"column":8},"end":{"line":79,"column":20}},"26":{"start":{"line":88,"column":23},"end":{"line":100,"column":1}},"27":{"start":{"line":89,"column":4},"end":{"line":99,"column":5}},"28":{"start":{"line":91,"column":8},"end":{"line":96,"column":11}},"29":{"start":{"line":98,"column":8},"end":{"line":98,"column":20}},"30":{"start":{"line":102,"column":0},"end":{"line":106,"column":2}}},"fnMap":{"0":{"name":"(anonymous_0)","decl":{"start":{"line":11,"column":22},"end":{"line":11,"column":23}},"loc":{"start":{"line":11,"column":48},"end":{"line":22,"column":1}},"line":11},"1":{"name":"(anonymous_1)","decl":{"start":{"line":30,"column":23},"end":{"line":30,"column":24}},"loc":{"start":{"line":30,"column":49},"end":{"line":81,"column":1}},"line":30},"2":{"name":"(anonymous_2)","decl":{"start":{"line":88,"column":23},"end":{"line":88,"column":24}},"loc":{"start":{"line":88,"column":49},"end":{"line":100,"column":1}},"line":88}},"branchMap":{"0":{"loc":{"start":{"line":42,"column":12},"end":{"line":44,"column":13}},"type":"if","locations":[{"start":{"line":42,"column":12},"end":{"line":44,"column":13}},{"start":{},"end":{}}],"line":42},"1":{"loc":{"start":{"line":53,"column":12},"end":{"line":55,"column":13}},"type":"if","locations":[{"start":{"line":53,"column":12},"end":{"line":55,"column":13}},{"start":{},"end":{}}],"line":53},"2":{"loc":{"start":{"line":72,"column":25},"end":{"line":72,"column":62}},"type":"binary-expr","locations":[{"start":{"line":72,"column":25},"end":{"line":72,"column":45}},{"start":{"line":72,"column":49},"end":{"line":72,"column":62}}],"line":72},"3":{"loc":{"start":{"line":76,"column":27},"end":{"line":76,"column":61}},"type":"cond-expr","locations":[{"start":{"line":76,"column":52},"end":{"line":76,"column":55}},{"start":{"line":76,"column":58},"end":{"line":76,"column":61}}],"line":76},"4":{"loc":{"start":{"line":95,"column":25},"end":{"line":95,"column":62}},"type":"binary-expr","locations":[{"start":{"line":95,"column":25},"end":{"line":95,"column":45}},{"start":{"line":95,"column":49},"end":{"line":95,"column":62}}],"line":95}},"s":{"0":0,"1":0,"2":0,"3":0,"4":0,"5":0,"6":0,"7":0,"8":0,"9":0,"10":0,"11":0,"12":0,"13":0,"14":0,"15":0,"16":0,"17":0,"18":0,"19":0,"20":0,"21":0,"22":0,"23":0,"24":0,"25":0,"26":0,"27":0,"28":0,"29":0,"30":0},"f":{"0":0,"1":0,"2":0},"b":{"0":[0,0],"1":[0,0],"2":[0,0],"3":[0,0],"4":[0,0]}}
,"C:\\Users\\azuce\\OneDrive\\Escritorio\\TesisProyect\\src\\controllers\\invoiceController.js": {"path":"C:\\Users\\azuce\\OneDrive\\Escritorio\\TesisProyect\\src\\controllers\\invoiceController.js","statementMap":{"0":{"start":{"line":2,"column":21},"end":{"line":2,"column":53}},"1":{"start":{"line":3,"column":16},"end":{"line":3,"column":44}},"2":{"start":{"line":4,"column":13},"end":{"line":4,"column":38}},"3":{"start":{"line":5,"column":44},"end":{"line":5,"column":62}},"4":{"start":{"line":6,"column":11},"end":{"line":6,"column":24}},"5":{"start":{"line":7,"column":13},"end":{"line":7,"column":28}},"6":{"start":{"line":8,"column":15},"end":{"line":8,"column":42}},"7":{"start":{"line":15,"column":24},"end":{"line":85,"column":2}},"8":{"start":{"line":16,"column":30},"end":{"line":16,"column":38}},"9":{"start":{"line":17,"column":19},"end":{"line":17,"column":29}},"10":{"start":{"line":19,"column":17},"end":{"line":19,"column":44}},"11":{"start":{"line":20,"column":4},"end":{"line":23,"column":5}},"12":{"start":{"line":21,"column":8},"end":{"line":21,"column":24}},"13":{"start":{"line":22,"column":8},"end":{"line":22,"column":49}},"14":{"start":{"line":26,"column":20},"end":{"line":31,"column":5}},"15":{"start":{"line":33,"column":26},"end":{"line":33,"column":62}},"16":{"start":{"line":36,"column":20},"end":{"line":43,"column":6}},"17":{"start":{"line":46,"column":4},"end":{"line":84,"column":5}},"18":{"start":{"line":47,"column":23},"end":{"line":47,"column":49}},"19":{"start":{"line":48,"column":21},"end":{"line":48,"column":37}},"20":{"start":{"line":49,"column":34},"end":{"line":49,"column":48}},"21":{"start":{"line":50,"column":21},"end":{"line":50,"column":68}},"22":{"start":{"line":52,"column":8},"end":{"line":58,"column":11}},"23":{"start":{"line":60,"column":8},"end":{"line":60,"column":91}},"24":{"start":{"line":61,"column":8},"end":{"line":61,"column":94}},"25":{"start":{"line":62,"column":8},"end":{"line":62,"column":98}},"26":{"start":{"line":63,"column":8},"end":{"line":63,"column":104}},"27":{"start":{"line":65,"column":25},"end":{"line":65,"column":44}},"28":{"start":{"line":69,"column":26},"end":{"line":69,"column":66}},"29":{"start":{"line":71,"column":8},"end":{"line":75,"column":11}},"30":{"start":{"line":78,"column":8},"end":{"line":78,"column":52}},"31":{"start":{"line":80,"column":8},"end":{"line":83,"column":11}},"32":{"start":{"line":87,"column":0},"end":{"line":87,"column":37}}},"fnMap":{"0":{"name":"(anonymous_0)","decl":{"start":{"line":15,"column":37},"end":{"line":15,"column":38}},"loc":{"start":{"line":15,"column":57},"end":{"line":85,"column":1}},"line":15}},"branchMap":{"0":{"loc":{"start":{"line":20,"column":4},"end":{"line":23,"column":5}},"type":"if","locations":[{"start":{"line":20,"column":4},"end":{"line":23,"column":5}},{"start":{},"end":{}}],"line":20},"1":{"loc":{"start":{"line":41,"column":15},"end":{"line":41,"column":111}},"type":"binary-expr","locations":[{"start":{"line":41,"column":15},"end":{"line":41,"column":20}},{"start":{"line":41,"column":24},"end":{"line":41,"column":111}}],"line":41},"2":{"loc":{"start":{"line":61,"column":30},"end":{"line":61,"column":46}},"type":"binary-expr","locations":[{"start":{"line":61,"column":30},"end":{"line":61,"column":38}},{"start":{"line":61,"column":42},"end":{"line":61,"column":46}}],"line":61}},"s":{"0":0,"1":0,"2":0,"3":0,"4":0,"5":0,"6":0,"7":0,"8":0,"9":0,"10":0,"11":0,"12":0,"13":0,"14":0,"15":0,"16":0,"17":0,"18":0,"19":0,"20":0,"21":0,"22":0,"23":0,"24":0,"25":0,"26":0,"27":0,"28":0,"29":0,"30":0,"31":0,"32":0},"f":{"0":0},"b":{"0":[0,0],"1":[0,0],"2":[0,0]}}
,"C:\\Users\\azuce\\OneDrive\\Escritorio\\TesisProyect\\src\\controllers\\iotController.js": {"path":"C:\\Users\\azuce\\OneDrive\\Escritorio\\TesisProyect\\src\\controllers\\iotController.js","statementMap":{"0":{"start":{"line":2,"column":21},"end":{"line":2,"column":53}},"1":{"start":{"line":3,"column":13},"end":{"line":3,"column":38}},"2":{"start":{"line":4,"column":19},"end":{"line":4,"column":50}},"3":{"start":{"line":5,"column":20},"end":{"line":5,"column":54}},"4":{"start":{"line":6,"column":15},"end":{"line":6,"column":42}},"5":{"start":{"line":7,"column":21},"end":{"line":7,"column":52}},"6":{"start":{"line":8,"column":23},"end":{"line":8,"column":53}},"7":{"start":{"line":10,"column":25},"end":{"line":10,"column":76}},"8":{"start":{"line":17,"column":23},"end":{"line":115,"column":2}},"9":{"start":{"line":18,"column":61},"end":{"line":18,"column":69}},"10":{"start":{"line":21,"column":4},"end":{"line":24,"column":5}},"11":{"start":{"line":22,"column":8},"end":{"line":22,"column":24}},"12":{"start":{"line":23,"column":8},"end":{"line":23,"column":84}},"13":{"start":{"line":26,"column":4},"end":{"line":26,"column":96}},"14":{"start":{"line":29,"column":17},"end":{"line":29,"column":60}},"15":{"start":{"line":31,"column":4},"end":{"line":44,"column":5}},"16":{"start":{"line":32,"column":8},"end":{"line":32,"column":72}},"17":{"start":{"line":34,"column":8},"end":{"line":38,"column":11}},"18":{"start":{"line":40,"column":8},"end":{"line":43,"column":11}},"19":{"start":{"line":47,"column":20},"end":{"line":47,"column":118}},"20":{"start":{"line":48,"column":19},"end":{"line":48,"column":115}},"21":{"start":{"line":50,"column":17},"end":{"line":50,"column":23}},"22":{"start":{"line":51,"column":18},"end":{"line":51,"column":42}},"23":{"start":{"line":53,"column":4},"end":{"line":98,"column":5}},"24":{"start":{"line":55,"column":8},"end":{"line":76,"column":9}},"25":{"start":{"line":56,"column":12},"end":{"line":56,"column":104}},"26":{"start":{"line":57,"column":12},"end":{"line":57,"column":28}},"27":{"start":{"line":60,"column":31},"end":{"line":60,"column":83}},"28":{"start":{"line":61,"column":12},"end":{"line":75,"column":13}},"29":{"start":{"line":67,"column":16},"end":{"line":67,"column":37}},"30":{"start":{"line":68,"column":16},"end":{"line":68,"column":66}},"31":{"start":{"line":71,"column":16},"end":{"line":71,"column":72}},"32":{"start":{"line":73,"column":16},"end":{"line":73,"column":32}},"33":{"start":{"line":74,"column":16},"end":{"line":74,"column":43}},"34":{"start":{"line":77,"column":11},"end":{"line":98,"column":5}},"35":{"start":{"line":79,"column":8},"end":{"line":97,"column":9}},"36":{"start":{"line":80,"column":12},"end":{"line":80,"column":66}},"37":{"start":{"line":81,"column":12},"end":{"line":81,"column":28}},"38":{"start":{"line":82,"column":15},"end":{"line":97,"column":9}},"39":{"start":{"line":85,"column":12},"end":{"line":92,"column":13}},"40":{"start":{"line":86,"column":16},"end":{"line":86,"column":37}},"41":{"start":{"line":87,"column":16},"end":{"line":87,"column":60}},"42":{"start":{"line":88,"column":16},"end":{"line":88,"column":71}},"43":{"start":{"line":90,"column":16},"end":{"line":90,"column":32}},"44":{"start":{"line":91,"column":16},"end":{"line":91,"column":85}},"45":{"start":{"line":94,"column":12},"end":{"line":94,"column":33}},"46":{"start":{"line":95,"column":12},"end":{"line":95,"column":53}},"47":{"start":{"line":96,"column":12},"end":{"line":96,"column":67}},"48":{"start":{"line":101,"column":4},"end":{"line":106,"column":7}},"49":{"start":{"line":108,"column":4},"end":{"line":114,"column":7}},"50":{"start":{"line":117,"column":0},"end":{"line":117,"column":36}}},"fnMap":{"0":{"name":"(anonymous_0)","decl":{"start":{"line":17,"column":36},"end":{"line":17,"column":37}},"loc":{"start":{"line":17,"column":56},"end":{"line":115,"column":1}},"line":17}},"branchMap":{"0":{"loc":{"start":{"line":10,"column":25},"end":{"line":10,"column":76}},"type":"binary-expr","locations":[{"start":{"line":10,"column":25},"end":{"line":10,"column":53}},{"start":{"line":10,"column":57},"end":{"line":10,"column":76}}],"line":10},"1":{"loc":{"start":{"line":21,"column":4},"end":{"line":24,"column":5}},"type":"if","locations":[{"start":{"line":21,"column":4},"end":{"line":24,"column":5}},{"start":{},"end":{}}],"line":21},"2":{"loc":{"start":{"line":21,"column":8},"end":{"line":21,"column":33}},"type":"binary-expr","locations":[{"start":{"line":21,"column":8},"end":{"line":21,"column":14}},{"start":{"line":21,"column":18},"end":{"line":21,"column":33}}],"line":21},"3":{"loc":{"start":{"line":31,"column":4},"end":{"line":44,"column":5}},"type":"if","locations":[{"start":{"line":31,"column":4},"end":{"line":44,"column":5}},{"start":{},"end":{}}],"line":31},"4":{"loc":{"start":{"line":47,"column":20},"end":{"line":47,"column":118}},"type":"binary-expr","locations":[{"start":{"line":47,"column":20},"end":{"line":47,"column":66}},{"start":{"line":47,"column":70},"end":{"line":47,"column":118}}],"line":47},"5":{"loc":{"start":{"line":48,"column":19},"end":{"line":48,"column":115}},"type":"binary-expr","locations":[{"start":{"line":48,"column":19},"end":{"line":48,"column":64}},{"start":{"line":48,"column":68},"end":{"line":48,"column":115}}],"line":48},"6":{"loc":{"start":{"line":53,"column":4},"end":{"line":98,"column":5}},"type":"if","locations":[{"start":{"line":53,"column":4},"end":{"line":98,"column":5}},{"start":{"line":77,"column":11},"end":{"line":98,"column":5}}],"line":53},"7":{"loc":{"start":{"line":55,"column":8},"end":{"line":76,"column":9}},"type":"if","locations":[{"start":{"line":55,"column":8},"end":{"line":76,"column":9}},{"start":{"line":58,"column":15},"end":{"line":76,"column":9}}],"line":55},"8":{"loc":{"start":{"line":61,"column":12},"end":{"line":75,"column":13}},"type":"if","locations":[{"start":{"line":61,"column":12},"end":{"line":75,"column":13}},{"start":{"line":72,"column":19},"end":{"line":75,"column":13}}],"line":61},"9":{"loc":{"start":{"line":61,"column":16},"end":{"line":61,"column":60}},"type":"binary-expr","locations":[{"start":{"line":61,"column":16},"end":{"line":61,"column":26}},{"start":{"line":61,"column":30},"end":{"line":61,"column":60}}],"line":61},"10":{"loc":{"start":{"line":77,"column":11},"end":{"line":98,"column":5}},"type":"if","locations":[{"start":{"line":77,"column":11},"end":{"line":98,"column":5}},{"start":{},"end":{}}],"line":77},"11":{"loc":{"start":{"line":79,"column":8},"end":{"line":97,"column":9}},"type":"if","locations":[{"start":{"line":79,"column":8},"end":{"line":97,"column":9}},{"start":{"line":82,"column":15},"end":{"line":97,"column":9}}],"line":79},"12":{"loc":{"start":{"line":82,"column":15},"end":{"line":97,"column":9}},"type":"if","locations":[{"start":{"line":82,"column":15},"end":{"line":97,"column":9}},{"start":{"line":93,"column":15},"end":{"line":97,"column":9}}],"line":82},"13":{"loc":{"start":{"line":85,"column":12},"end":{"line":92,"column":13}},"type":"if","locations":[{"start":{"line":85,"column":12},"end":{"line":92,"column":13}},{"start":{"line":89,"column":19},"end":{"line":92,"column":13}}],"line":85},"14":{"loc":{"start":{"line":85,"column":16},"end":{"line":85,"column":80}},"type":"binary-expr","locations":[{"start":{"line":85,"column":16},"end":{"line":85,"column":37}},{"start":{"line":85,"column":41},"end":{"line":85,"column":80}}],"line":85},"15":{"loc":{"start":{"line":101,"column":18},"end":{"line":101,"column":68}},"type":"cond-expr","locations":[{"start":{"line":101,"column":28},"end":{"line":101,"column":47}},{"start":{"line":101,"column":50},"end":{"line":101,"column":68}}],"line":101}},"s":{"0":0,"1":0,"2":0,"3":0,"4":0,"5":0,"6":0,"7":0,"8":0,"9":0,"10":0,"11":0,"12":0,"13":0,"14":0,"15":0,"16":0,"17":0,"18":0,"19":0,"20":0,"21":0,"22":0,"23":0,"24":0,"25":0,"26":0,"27":0,"28":0,"29":0,"30":0,"31":0,"32":0,"33":0,"34":0,"35":0,"36":0,"37":0,"38":0,"39":0,"40":0,"41":0,"42":0,"43":0,"44":0,"45":0,"46":0,"47":0,"48":0,"49":0,"50":0},"f":{"0":0},"b":{"0":[0,0],"1":[0,0],"2":[0,0],"3":[0,0],"4":[0,0],"5":[0,0],"6":[0,0],"7":[0,0],"8":[0,0],"9":[0,0],"10":[0,0],"11":[0,0],"12":[0,0],"13":[0,0],"14":[0,0],"15":[0,0]}}
,"C:\\Users\\azuce\\OneDrive\\Escritorio\\TesisProyect\\src\\controllers\\parkingController.js": {"path":"C:\\Users\\azuce\\OneDrive\\Escritorio\\TesisProyect\\src\\controllers\\parkingController.js","statementMap":{"0":{"start":{"line":1,"column":21},"end":{"line":1,"column":53}},"1":{"start":{"line":2,"column":19},"end":{"line":2,"column":50}},"2":{"start":{"line":3,"column":13},"end":{"line":3,"column":38}},"3":{"start":{"line":4,"column":20},"end":{"line":4,"column":52}},"4":{"start":{"line":5,"column":15},"end":{"line":5,"column":42}},"5":{"start":{"line":6,"column":21},"end":{"line":6,"column":52}},"6":{"start":{"line":7,"column":26},"end":{"line":7,"column":59}},"7":{"start":{"line":8,"column":23},"end":{"line":8,"column":53}},"8":{"start":{"line":9,"column":20},"end":{"line":9,"column":54}},"9":{"start":{"line":10,"column":42},"end":{"line":10,"column":78}},"10":{"start":{"line":11,"column":44},"end":{"line":11,"column":76}},"11":{"start":{"line":13,"column":25},"end":{"line":13,"column":76}},"12":{"start":{"line":14,"column":25},"end":{"line":14,"column":46}},"13":{"start":{"line":15,"column":22},"end":{"line":15,"column":27}},"14":{"start":{"line":22,"column":20},"end":{"line":104,"column":2}},"15":{"start":{"line":23,"column":19},"end":{"line":23,"column":29}},"16":{"start":{"line":26,"column":17},"end":{"line":26,"column":44}},"17":{"start":{"line":27,"column":4},"end":{"line":30,"column":5}},"18":{"start":{"line":28,"column":8},"end":{"line":28,"column":24}},"19":{"start":{"line":29,"column":8},"end":{"line":29,"column":92}},"20":{"start":{"line":34,"column":20},"end":{"line":34,"column":51}},"21":{"start":{"line":35,"column":4},"end":{"line":35,"column":31}},"22":{"start":{"line":37,"column":4},"end":{"line":103,"column":5}},"23":{"start":{"line":38,"column":27},"end":{"line":38,"column":96}},"24":{"start":{"line":40,"column":8},"end":{"line":42,"column":9}},"25":{"start":{"line":41,"column":12},"end":{"line":41,"column":70}},"26":{"start":{"line":44,"column":31},"end":{"line":44,"column":73}},"27":{"start":{"line":44,"column":59},"end":{"line":44,"column":72}},"28":{"start":{"line":46,"column":8},"end":{"line":49,"column":9}},"29":{"start":{"line":47,"column":12},"end":{"line":47,"column":28}},"30":{"start":{"line":48,"column":12},"end":{"line":48,"column":59}},"31":{"start":{"line":52,"column":8},"end":{"line":52,"column":41}},"32":{"start":{"line":53,"column":8},"end":{"line":53,"column":43}},"33":{"start":{"line":54,"column":8},"end":{"line":54,"column":46}},"34":{"start":{"line":57,"column":8},"end":{"line":57,"column":62}},"35":{"start":{"line":58,"column":8},"end":{"line":58,"column":50}},"36":{"start":{"line":59,"column":8},"end":{"line":59,"column":29}},"37":{"start":{"line":61,"column":8},"end":{"line":61,"column":43}},"38":{"start":{"line":62,"column":8},"end":{"line":62,"column":37}},"39":{"start":{"line":64,"column":8},"end":{"line":64,"column":42}},"40":{"start":{"line":66,"column":26},"end":{"line":66,"column":50}},"41":{"start":{"line":69,"column":8},"end":{"line":72,"column":11}},"42":{"start":{"line":75,"column":8},"end":{"line":79,"column":11}},"43":{"start":{"line":81,"column":8},"end":{"line":84,"column":11}},"44":{"start":{"line":87,"column":8},"end":{"line":87,"column":44}},"45":{"start":{"line":89,"column":8},"end":{"line":94,"column":11}},"46":{"start":{"line":97,"column":8},"end":{"line":97,"column":41}},"47":{"start":{"line":98,"column":8},"end":{"line":98,"column":66}},"48":{"start":{"line":99,"column":8},"end":{"line":99,"column":24}},"49":{"start":{"line":100,"column":8},"end":{"line":100,"column":39}},"50":{"start":{"line":102,"column":8},"end":{"line":102,"column":29}},"51":{"start":{"line":111,"column":19},"end":{"line":171,"column":2}},"52":{"start":{"line":112,"column":19},"end":{"line":112,"column":29}},"53":{"start":{"line":113,"column":17},"end":{"line":113,"column":44}},"54":{"start":{"line":115,"column":4},"end":{"line":118,"column":5}},"55":{"start":{"line":116,"column":8},"end":{"line":116,"column":24}},"56":{"start":{"line":117,"column":8},"end":{"line":117,"column":68}},"57":{"start":{"line":120,"column":4},"end":{"line":123,"column":5}},"58":{"start":{"line":121,"column":8},"end":{"line":121,"column":24}},"59":{"start":{"line":122,"column":8},"end":{"line":122,"column":68}},"60":{"start":{"line":126,"column":15},"end":{"line":126,"column":19}},"61":{"start":{"line":127,"column":4},"end":{"line":129,"column":5}},"62":{"start":{"line":128,"column":8},"end":{"line":128,"column":65}},"63":{"start":{"line":131,"column":4},"end":{"line":147,"column":5}},"64":{"start":{"line":134,"column":8},"end":{"line":134,"column":61}},"65":{"start":{"line":137,"column":8},"end":{"line":139,"column":9}},"66":{"start":{"line":138,"column":12},"end":{"line":138,"column":63}},"67":{"start":{"line":142,"column":8},"end":{"line":146,"column":9}},"68":{"start":{"line":144,"column":32},"end":{"line":144,"column":86}},"69":{"start":{"line":145,"column":12},"end":{"line":145,"column":48}},"70":{"start":{"line":145,"column":29},"end":{"line":145,"column":48}},"71":{"start":{"line":149,"column":24},"end":{"line":149,"column":71}},"72":{"start":{"line":150,"column":22},"end":{"line":150,"column":45}},"73":{"start":{"line":155,"column":4},"end":{"line":155,"column":24}},"74":{"start":{"line":156,"column":4},"end":{"line":156,"column":39}},"75":{"start":{"line":157,"column":4},"end":{"line":157,"column":22}},"76":{"start":{"line":159,"column":4},"end":{"line":163,"column":7}},"77":{"start":{"line":165,"column":4},"end":{"line":170,"column":7}},"78":{"start":{"line":178,"column":21},"end":{"line":286,"column":2}},"79":{"start":{"line":179,"column":19},"end":{"line":179,"column":29}},"80":{"start":{"line":180,"column":17},"end":{"line":180,"column":44}},"81":{"start":{"line":182,"column":4},"end":{"line":185,"column":5}},"82":{"start":{"line":183,"column":8},"end":{"line":183,"column":24}},"83":{"start":{"line":184,"column":8},"end":{"line":184,"column":69}},"84":{"start":{"line":194,"column":4},"end":{"line":205,"column":5}},"85":{"start":{"line":196,"column":21},"end":{"line":196,"column":26}},"86":{"start":{"line":197,"column":8},"end":{"line":199,"column":9}},"87":{"start":{"line":198,"column":12},"end":{"line":198,"column":26}},"88":{"start":{"line":201,"column":8},"end":{"line":204,"column":9}},"89":{"start":{"line":202,"column":12},"end":{"line":202,"column":28}},"90":{"start":{"line":203,"column":12},"end":{"line":203,"column":69}},"91":{"start":{"line":207,"column":20},"end":{"line":207,"column":51}},"92":{"start":{"line":208,"column":4},"end":{"line":208,"column":31}},"93":{"start":{"line":210,"column":4},"end":{"line":285,"column":5}},"94":{"start":{"line":211,"column":27},"end":{"line":211,"column":96}},"95":{"start":{"line":212,"column":27},"end":{"line":212,"column":103}},"96":{"start":{"line":212,"column":60},"end":{"line":212,"column":102}},"97":{"start":{"line":214,"column":8},"end":{"line":216,"column":9}},"98":{"start":{"line":215,"column":12},"end":{"line":215,"column":76}},"99":{"start":{"line":218,"column":22},"end":{"line":218,"column":51}},"100":{"start":{"line":219,"column":30},"end":{"line":219,"column":47}},"101":{"start":{"line":222,"column":25},"end":{"line":222,"column":35}},"102":{"start":{"line":223,"column":27},"end":{"line":223,"column":53}},"103":{"start":{"line":224,"column":32},"end":{"line":224,"column":67}},"104":{"start":{"line":227,"column":8},"end":{"line":227,"column":33}},"105":{"start":{"line":228,"column":8},"end":{"line":228,"column":32}},"106":{"start":{"line":229,"column":8},"end":{"line":229,"column":31}},"107":{"start":{"line":232,"column":8},"end":{"line":232,"column":40}},"108":{"start":{"line":233,"column":8},"end":{"line":233,"column":30}},"109":{"start":{"line":234,"column":8},"end":{"line":234,"column":29}},"110":{"start":{"line":236,"column":8},"end":{"line":236,"column":43}},"111":{"start":{"line":237,"column":8},"end":{"line":237,"column":37}},"112":{"start":{"line":239,"column":8},"end":{"line":239,"column":42}},"113":{"start":{"line":243,"column":8},"end":{"line":248,"column":9}},"114":{"start":{"line":244,"column":12},"end":{"line":244,"column":65}},"115":{"start":{"line":246,"column":12},"end":{"line":246,"column":90}},"116":{"start":{"line":251,"column":8},"end":{"line":254,"column":11}},"117":{"start":{"line":257,"column":8},"end":{"line":261,"column":11}},"118":{"start":{"line":263,"column":8},"end":{"line":266,"column":11}},"119":{"start":{"line":269,"column":8},"end":{"line":269,"column":44}},"120":{"start":{"line":272,"column":8},"end":{"line":276,"column":11}},"121":{"start":{"line":279,"column":8},"end":{"line":279,"column":41}},"122":{"start":{"line":280,"column":8},"end":{"line":280,"column":66}},"123":{"start":{"line":281,"column":8},"end":{"line":281,"column":24}},"124":{"start":{"line":282,"column":8},"end":{"line":282,"column":39}},"125":{"start":{"line":284,"column":8},"end":{"line":284,"column":29}},"126":{"start":{"line":293,"column":25},"end":{"line":351,"column":2}},"127":{"start":{"line":295,"column":23},"end":{"line":295,"column":55}},"128":{"start":{"line":296,"column":4},"end":{"line":299,"column":5}},"129":{"start":{"line":298,"column":8},"end":{"line":298,"column":48}},"130":{"start":{"line":302,"column":23},"end":{"line":303,"column":65}},"131":{"start":{"line":305,"column":4},"end":{"line":308,"column":5}},"132":{"start":{"line":306,"column":8},"end":{"line":306,"column":24}},"133":{"start":{"line":307,"column":8},"end":{"line":307,"column":72}},"134":{"start":{"line":311,"column":24},"end":{"line":311,"column":48}},"135":{"start":{"line":312,"column":27},"end":{"line":312,"column":85}},"136":{"start":{"line":312,"column":61},"end":{"line":312,"column":77}},"137":{"start":{"line":313,"column":28},"end":{"line":313,"column":56}},"138":{"start":{"line":316,"column":28},"end":{"line":335,"column":10}},"139":{"start":{"line":317,"column":25},"end":{"line":317,"column":41}},"140":{"start":{"line":319,"column":31},"end":{"line":319,"column":59}},"141":{"start":{"line":320,"column":36},"end":{"line":320,"column":71}},"142":{"start":{"line":321,"column":34},"end":{"line":321,"column":74}},"143":{"start":{"line":322,"column":34},"end":{"line":322,"column":76}},"144":{"start":{"line":324,"column":12},"end":{"line":334,"column":14}},"145":{"start":{"line":337,"column":25},"end":{"line":345,"column":5}},"146":{"start":{"line":348,"column":4},"end":{"line":348,"column":54}},"147":{"start":{"line":350,"column":4},"end":{"line":350,"column":39}},"148":{"start":{"line":358,"column":17},"end":{"line":389,"column":2}},"149":{"start":{"line":359,"column":23},"end":{"line":359,"column":31}},"150":{"start":{"line":360,"column":19},"end":{"line":360,"column":29}},"151":{"start":{"line":361,"column":21},"end":{"line":361,"column":34}},"152":{"start":{"line":365,"column":4},"end":{"line":369,"column":5}},"153":{"start":{"line":371,"column":23},"end":{"line":371,"column":49}},"154":{"start":{"line":373,"column":4},"end":{"line":388,"column":5}},"155":{"start":{"line":374,"column":23},"end":{"line":374,"column":69}},"156":{"start":{"line":376,"column":8},"end":{"line":379,"column":11}},"157":{"start":{"line":381,"column":8},"end":{"line":384,"column":11}},"158":{"start":{"line":386,"column":8},"end":{"line":386,"column":24}},"159":{"start":{"line":387,"column":8},"end":{"line":387,"column":74}},"160":{"start":{"line":391,"column":0},"end":{"line":397,"column":2}}},"fnMap":{"0":{"name":"(anonymous_0)","decl":{"start":{"line":22,"column":33},"end":{"line":22,"column":34}},"loc":{"start":{"line":22,"column":53},"end":{"line":104,"column":1}},"line":22},"1":{"name":"(anonymous_1)","decl":{"start":{"line":44,"column":54},"end":{"line":44,"column":55}},"loc":{"start":{"line":44,"column":59},"end":{"line":44,"column":72}},"line":44},"2":{"name":"(anonymous_2)","decl":{"start":{"line":111,"column":32},"end":{"line":111,"column":33}},"loc":{"start":{"line":111,"column":52},"end":{"line":171,"column":1}},"line":111},"3":{"name":"(anonymous_3)","decl":{"start":{"line":178,"column":34},"end":{"line":178,"column":35}},"loc":{"start":{"line":178,"column":54},"end":{"line":286,"column":1}},"line":178},"4":{"name":"(anonymous_4)","decl":{"start":{"line":212,"column":55},"end":{"line":212,"column":56}},"loc":{"start":{"line":212,"column":60},"end":{"line":212,"column":102}},"line":212},"5":{"name":"(anonymous_5)","decl":{"start":{"line":293,"column":38},"end":{"line":293,"column":39}},"loc":{"start":{"line":293,"column":58},"end":{"line":351,"column":1}},"line":293},"6":{"name":"(anonymous_6)","decl":{"start":{"line":312,"column":52},"end":{"line":312,"column":53}},"loc":{"start":{"line":312,"column":61},"end":{"line":312,"column":77}},"line":312},"7":{"name":"(anonymous_7)","decl":{"start":{"line":317,"column":16},"end":{"line":317,"column":17}},"loc":{"start":{"line":317,"column":25},"end":{"line":317,"column":41}},"line":317},"8":{"name":"(anonymous_8)","decl":{"start":{"line":318,"column":13},"end":{"line":318,"column":14}},"loc":{"start":{"line":318,"column":22},"end":{"line":335,"column":9}},"line":318},"9":{"name":"(anonymous_9)","decl":{"start":{"line":358,"column":30},"end":{"line":358,"column":31}},"loc":{"start":{"line":358,"column":50},"end":{"line":389,"column":1}},"line":358}},"branchMap":{"0":{"loc":{"start":{"line":13,"column":25},"end":{"line":13,"column":76}},"type":"binary-expr","locations":[{"start":{"line":13,"column":25},"end":{"line":13,"column":53}},{"start":{"line":13,"column":57},"end":{"line":13,"column":76}}],"line":13},"1":{"loc":{"start":{"line":27,"column":4},"end":{"line":30,"column":5}},"type":"if","locations":[{"start":{"line":27,"column":4},"end":{"line":30,"column":5}},{"start":{},"end":{}}],"line":27},"2":{"loc":{"start":{"line":40,"column":8},"end":{"line":42,"column":9}},"type":"if","locations":[{"start":{"line":40,"column":8},"end":{"line":42,"column":9}},{"start":{},"end":{}}],"line":40},"3":{"loc":{"start":{"line":46,"column":8},"end":{"line":49,"column":9}},"type":"if","locations":[{"start":{"line":46,"column":8},"end":{"line":49,"column":9}},{"start":{},"end":{}}],"line":46},"4":{"loc":{"start":{"line":115,"column":4},"end":{"line":118,"column":5}},"type":"if","locations":[{"start":{"line":115,"column":4},"end":{"line":118,"column":5}},{"start":{},"end":{}}],"line":115},"5":{"loc":{"start":{"line":120,"column":4},"end":{"line":123,"column":5}},"type":"if","locations":[{"start":{"line":120,"column":4},"end":{"line":123,"column":5}},{"start":{},"end":{}}],"line":120},"6":{"loc":{"start":{"line":127,"column":4},"end":{"line":129,"column":5}},"type":"if","locations":[{"start":{"line":127,"column":4},"end":{"line":129,"column":5}},{"start":{},"end":{}}],"line":127},"7":{"loc":{"start":{"line":127,"column":8},"end":{"line":127,"column":72}},"type":"binary-expr","locations":[{"start":{"line":127,"column":8},"end":{"line":127,"column":29}},{"start":{"line":127,"column":33},"end":{"line":127,"column":72}}],"line":127},"8":{"loc":{"start":{"line":131,"column":4},"end":{"line":147,"column":5}},"type":"if","locations":[{"start":{"line":131,"column":4},"end":{"line":147,"column":5}},{"start":{},"end":{}}],"line":131},"9":{"loc":{"start":{"line":137,"column":8},"end":{"line":139,"column":9}},"type":"if","locations":[{"start":{"line":137,"column":8},"end":{"line":139,"column":9}},{"start":{},"end":{}}],"line":137},"10":{"loc":{"start":{"line":142,"column":8},"end":{"line":146,"column":9}},"type":"if","locations":[{"start":{"line":142,"column":8},"end":{"line":146,"column":9}},{"start":{},"end":{}}],"line":142},"11":{"loc":{"start":{"line":145,"column":12},"end":{"line":145,"column":48}},"type":"if","locations":[{"start":{"line":145,"column":12},"end":{"line":145,"column":48}},{"start":{},"end":{}}],"line":145},"12":{"loc":{"start":{"line":162,"column":14},"end":{"line":162,"column":37}},"type":"binary-expr","locations":[{"start":{"line":162,"column":14},"end":{"line":162,"column":23}},{"start":{"line":162,"column":27},"end":{"line":162,"column":37}}],"line":162},"13":{"loc":{"start":{"line":182,"column":4},"end":{"line":185,"column":5}},"type":"if","locations":[{"start":{"line":182,"column":4},"end":{"line":185,"column":5}},{"start":{},"end":{}}],"line":182},"14":{"loc":{"start":{"line":194,"column":4},"end":{"line":205,"column":5}},"type":"if","locations":[{"start":{"line":194,"column":4},"end":{"line":205,"column":5}},{"start":{},"end":{}}],"line":194},"15":{"loc":{"start":{"line":197,"column":8},"end":{"line":199,"column":9}},"type":"if","locations":[{"start":{"line":197,"column":8},"end":{"line":199,"column":9}},{"start":{},"end":{}}],"line":197},"16":{"loc":{"start":{"line":197,"column":12},"end":{"line":197,"column":76}},"type":"binary-expr","locations":[{"start":{"line":197,"column":12},"end":{"line":197,"column":33}},{"start":{"line":197,"column":37},"end":{"line":197,"column":76}}],"line":197},"17":{"loc":{"start":{"line":201,"column":8},"end":{"line":204,"column":9}},"type":"if","locations":[{"start":{"line":201,"column":8},"end":{"line":204,"column":9}},{"start":{},"end":{}}],"line":201},"18":{"loc":{"start":{"line":214,"column":8},"end":{"line":216,"column":9}},"type":"if","locations":[{"start":{"line":214,"column":8},"end":{"line":216,"column":9}},{"start":{},"end":{}}],"line":214},"19":{"loc":{"start":{"line":296,"column":4},"end":{"line":299,"column":5}},"type":"if","locations":[{"start":{"line":296,"column":4},"end":{"line":299,"column":5}},{"start":{},"end":{}}],"line":296},"20":{"loc":{"start":{"line":305,"column":4},"end":{"line":308,"column":5}},"type":"if","locations":[{"start":{"line":305,"column":4},"end":{"line":308,"column":5}},{"start":{},"end":{}}],"line":305},"21":{"loc":{"start":{"line":326,"column":28},"end":{"line":330,"column":24}},"type":"cond-expr","locations":[{"start":{"line":326,"column":47},"end":{"line":330,"column":17}},{"start":{"line":330,"column":20},"end":{"line":330,"column":24}}],"line":326},"22":{"loc":{"start":{"line":365,"column":4},"end":{"line":369,"column":5}},"type":"if","locations":[{"start":{"line":365,"column":4},"end":{"line":369,"column":5}},{"start":{},"end":{}}],"line":365},"23":{"loc":{"start":{"line":365,"column":8},"end":{"line":365,"column":70}},"type":"binary-expr","locations":[{"start":{"line":365,"column":8},"end":{"line":365,"column":37}},{"start":{"line":365,"column":41},"end":{"line":365,"column":70}}],"line":365},"24":{"loc":{"start":{"line":371,"column":23},"end":{"line":371,"column":49}},"type":"binary-expr","locations":[{"start":{"line":371,"column":23},"end":{"line":371,"column":29}},{"start":{"line":371,"column":33},"end":{"line":371,"column":49}}],"line":371}},"s":{"0":0,"1":0,"2":0,"3":0,"4":0,"5":0,"6":0,"7":0,"8":0,"9":0,"10":0,"11":0,"12":0,"13":0,"14":0,"15":0,"16":0,"17":0,"18":0,"19":0,"20":0,"21":0,"22":0,"23":0,"24":0,"25":0,"26":0,"27":0,"28":0,"29":0,"30":0,"31":0,"32":0,"33":0,"34":0,"35":0,"36":0,"37":0,"38":0,"39":0,"40":0,"41":0,"42":0,"43":0,"44":0,"45":0,"46":0,"47":0,"48":0,"49":0,"50":0,"51":0,"52":0,"53":0,"54":0,"55":0,"56":0,"57":0,"58":0,"59":0,"60":0,"61":0,"62":0,"63":0,"64":0,"65":0,"66":0,"67":0,"68":0,"69":0,"70":0,"71":0,"72":0,"73":0,"74":0,"75":0,"76":0,"77":0,"78":0,"79":0,"80":0,"81":0,"82":0,"83":0,"84":0,"85":0,"86":0,"87":0,"88":0,"89":0,"90":0,"91":0,"92":0,"93":0,"94":0,"95":0,"96":0,"97":0,"98":0,"99":0,"100":0,"101":0,"102":0,"103":0,"104":0,"105":0,"106":0,"107":0,"108":0,"109":0,"110":0,"111":0,"112":0,"113":0,"114":0,"115":0,"116":0,"117":0,"118":0,"119":0,"120":0,"121":0,"122":0,"123":0,"124":0,"125":0,"126":0,"127":0,"128":0,"129":0,"130":0,"131":0,"132":0,"133":0,"134":0,"135":0,"136":0,"137":0,"138":0,"139":0,"140":0,"141":0,"142":0,"143":0,"144":0,"145":0,"146":0,"147":0,"148":0,"149":0,"150":0,"151":0,"152":0,"153":0,"154":0,"155":0,"156":0,"157":0,"158":0,"159":0,"160":0},"f":{"0":0,"1":0,"2":0,"3":0,"4":0,"5":0,"6":0,"7":0,"8":0,"9":0},"b":{"0":[0,0],"1":[0,0],"2":[0,0],"3":[0,0],"4":[0,0],"5":[0,0],"6":[0,0],"7":[0,0],"8":[0,0],"9":[0,0],"10":[0,0],"11":[0,0],"12":[0,0],"13":[0,0],"14":[0,0],"15":[0,0],"16":[0,0],"17":[0,0],"18":[0,0],"19":[0,0],"20":[0,0],"21":[0,0],"22":[0,0],"23":[0,0],"24":[0,0]}}
,"C:\\Users\\azuce\\OneDrive\\Escritorio\\TesisProyect\\src\\middleware\\authMiddleware.js": {"path":"C:\\Users\\azuce\\OneDrive\\Escritorio\\TesisProyect\\src\\middleware\\authMiddleware.js","statementMap":{"0":{"start":{"line":2,"column":12},"end":{"line":2,"column":35}},"1":{"start":{"line":12,"column":0},"end":{"line":70,"column":2}},"2":{"start":{"line":14,"column":2},"end":{"line":18,"column":3}},"3":{"start":{"line":15,"column":4},"end":{"line":17,"column":7}},"4":{"start":{"line":20,"column":2},"end":{"line":69,"column":3}},"5":{"start":{"line":22,"column":18},"end":{"line":22,"column":57}},"6":{"start":{"line":24,"column":4},"end":{"line":28,"column":5}},"7":{"start":{"line":25,"column":6},"end":{"line":27,"column":9}},"8":{"start":{"line":31,"column":20},"end":{"line":31,"column":61}},"9":{"start":{"line":35,"column":17},"end":{"line":35,"column":42}},"10":{"start":{"line":36,"column":17},"end":{"line":36,"column":68}},"11":{"start":{"line":38,"column":4},"end":{"line":42,"column":5}},"12":{"start":{"line":39,"column":6},"end":{"line":41,"column":9}},"13":{"start":{"line":45,"column":4},"end":{"line":45,"column":20}},"14":{"start":{"line":46,"column":4},"end":{"line":46,"column":26}},"15":{"start":{"line":49,"column":4},"end":{"line":49,"column":11}},"16":{"start":{"line":53,"column":4},"end":{"line":68,"column":5}},"17":{"start":{"line":54,"column":6},"end":{"line":57,"column":9}},"18":{"start":{"line":58,"column":11},"end":{"line":68,"column":5}},"19":{"start":{"line":59,"column":6},"end":{"line":62,"column":9}},"20":{"start":{"line":64,"column":6},"end":{"line":67,"column":9}}},"fnMap":{"0":{"name":"(anonymous_0)","decl":{"start":{"line":12,"column":18},"end":{"line":12,"column":19}},"loc":{"start":{"line":12,"column":44},"end":{"line":70,"column":1}},"line":12}},"branchMap":{"0":{"loc":{"start":{"line":14,"column":2},"end":{"line":18,"column":3}},"type":"if","locations":[{"start":{"line":14,"column":2},"end":{"line":18,"column":3}},{"start":{},"end":{}}],"line":14},"1":{"loc":{"start":{"line":14,"column":6},"end":{"line":14,"column":83}},"type":"binary-expr","locations":[{"start":{"line":14,"column":6},"end":{"line":14,"column":32}},{"start":{"line":14,"column":36},"end":{"line":14,"column":83}}],"line":14},"2":{"loc":{"start":{"line":24,"column":4},"end":{"line":28,"column":5}},"type":"if","locations":[{"start":{"line":24,"column":4},"end":{"line":28,"column":5}},{"start":{},"end":{}}],"line":24},"3":{"loc":{"start":{"line":38,"column":4},"end":{"line":42,"column":5}},"type":"if","locations":[{"start":{"line":38,"column":4},"end":{"line":42,"column":5}},{"start":{},"end":{}}],"line":38},"4":{"loc":{"start":{"line":53,"column":4},"end":{"line":68,"column":5}},"type":"if","locations":[{"start":{"line":53,"column":4},"end":{"line":68,"column":5}},{"start":{"line":58,"column":11},"end":{"line":68,"column":5}}],"line":53},"5":{"loc":{"start":{"line":58,"column":11},"end":{"line":68,"column":5}},"type":"if","locations":[{"start":{"line":58,"column":11},"end":{"line":68,"column":5}},{"start":{"line":63,"column":11},"end":{"line":68,"column":5}}],"line":58}},"s":{"0":1,"1":1,"2":0,"3":0,"4":0,"5":0,"6":0,"7":0,"8":0,"9":0,"10":0,"11":0,"12":0,"13":0,"14":0,"15":0,"16":0,"17":0,"18":0,"19":0,"20":0},"f":{"0":0},"b":{"0":[0,0],"1":[0,0],"2":[0,0],"3":[0,0],"4":[0,0],"5":[0,0]},"_coverageSchema":"1a1c01bbd47fc00a2c39e90264f33305004495a9","hash":"9ed597fdf02a1eab29b0557134e7426285afb8de"}
,"C:\\Users\\azuce\\OneDrive\\Escritorio\\TesisProyect\\src\\middleware\\authorize.js": {"path":"C:\\Users\\azuce\\OneDrive\\Escritorio\\TesisProyect\\src\\middleware\\authorize.js","statementMap":{"0":{"start":{"line":9,"column":18},"end":{"line":27,"column":1}},"1":{"start":{"line":10,"column":4},"end":{"line":26,"column":6}},"2":{"start":{"line":11,"column":8},"end":{"line":15,"column":9}},"3":{"start":{"line":12,"column":12},"end":{"line":14,"column":15}},"4":{"start":{"line":17,"column":8},"end":{"line":23,"column":9}},"5":{"start":{"line":18,"column":12},"end":{"line":22,"column":15}},"6":{"start":{"line":25,"column":8},"end":{"line":25,"column":15}},"7":{"start":{"line":29,"column":0},"end":{"line":29,"column":27}}},"fnMap":{"0":{"name":"(anonymous_0)","decl":{"start":{"line":9,"column":18},"end":{"line":9,"column":19}},"loc":{"start":{"line":9,"column":32},"end":{"line":27,"column":1}},"line":9},"1":{"name":"(anonymous_1)","decl":{"start":{"line":10,"column":11},"end":{"line":10,"column":12}},"loc":{"start":{"line":10,"column":31},"end":{"line":26,"column":5}},"line":10}},"branchMap":{"0":{"loc":{"start":{"line":11,"column":8},"end":{"line":15,"column":9}},"type":"if","locations":[{"start":{"line":11,"column":8},"end":{"line":15,"column":9}},{"start":{},"end":{}}],"line":11},"1":{"loc":{"start":{"line":17,"column":8},"end":{"line":23,"column":9}},"type":"if","locations":[{"start":{"line":17,"column":8},"end":{"line":23,"column":9}},{"start":{},"end":{}}],"line":17}},"s":{"0":0,"1":0,"2":0,"3":0,"4":0,"5":0,"6":0,"7":0},"f":{"0":0,"1":0},"b":{"0":[0,0],"1":[0,0]}}
,"C:\\Users\\azuce\\OneDrive\\Escritorio\\TesisProyect\\src\\middleware\\errorHandler.js": {"path":"C:\\Users\\azuce\\OneDrive\\Escritorio\\TesisProyect\\src\\middleware\\errorHandler.js","statementMap":{"0":{"start":{"line":2,"column":15},"end":{"line":2,"column":42}},"1":{"start":{"line":8,"column":21},"end":{"line":39,"column":1}},"2":{"start":{"line":9,"column":21},"end":{"line":9,"column":60}},"3":{"start":{"line":12,"column":4},"end":{"line":14,"column":5}},"4":{"start":{"line":13,"column":8},"end":{"line":13,"column":25}},"5":{"start":{"line":17,"column":27},"end":{"line":17,"column":64}},"6":{"start":{"line":20,"column":27},"end":{"line":29,"column":5}},"7":{"start":{"line":32,"column":4},"end":{"line":36,"column":7}},"8":{"start":{"line":38,"column":4},"end":{"line":38,"column":48}},"9":{"start":{"line":42,"column":26},"end":{"line":56,"column":1}},"10":{"start":{"line":43,"column":19},"end":{"line":54,"column":5}},"11":{"start":{"line":55,"column":4},"end":{"line":55,"column":45}},"12":{"start":{"line":58,"column":0},"end":{"line":58,"column":30}}},"fnMap":{"0":{"name":"(anonymous_0)","decl":{"start":{"line":8,"column":21},"end":{"line":8,"column":22}},"loc":{"start":{"line":8,"column":46},"end":{"line":39,"column":1}},"line":8},"1":{"name":"(anonymous_1)","decl":{"start":{"line":42,"column":26},"end":{"line":42,"column":27}},"loc":{"start":{"line":42,"column":38},"end":{"line":56,"column":1}},"line":42}},"branchMap":{"0":{"loc":{"start":{"line":9,"column":21},"end":{"line":9,"column":60}},"type":"binary-expr","locations":[{"start":{"line":9,"column":21},"end":{"line":9,"column":35}},{"start":{"line":9,"column":39},"end":{"line":9,"column":53}},{"start":{"line":9,"column":57},"end":{"line":9,"column":60}}],"line":9},"1":{"loc":{"start":{"line":12,"column":4},"end":{"line":14,"column":5}},"type":"if","locations":[{"start":{"line":12,"column":4},"end":{"line":14,"column":5}},{"start":{},"end":{}}],"line":12},"2":{"loc":{"start":{"line":24,"column":16},"end":{"line":24,"column":76}},"type":"binary-expr","locations":[{"start":{"line":24,"column":16},"end":{"line":24,"column":27}},{"start":{"line":24,"column":31},"end":{"line":24,"column":76}}],"line":24},"3":{"loc":{"start":{"line":27,"column":12},"end":{"line":27,"column":50}},"type":"binary-expr","locations":[{"start":{"line":27,"column":12},"end":{"line":27,"column":26}},{"start":{"line":27,"column":30},"end":{"line":27,"column":50}}],"line":27},"4":{"loc":{"start":{"line":28,"column":12},"end":{"line":28,"column":55}},"type":"binary-expr","locations":[{"start":{"line":28,"column":12},"end":{"line":28,"column":22}},{"start":{"line":28,"column":26},"end":{"line":28,"column":55}}],"line":28},"5":{"loc":{"start":{"line":55,"column":11},"end":{"line":55,"column":44}},"type":"binary-expr","locations":[{"start":{"line":55,"column":11},"end":{"line":55,"column":25}},{"start":{"line":55,"column":29},"end":{"line":55,"column":44}}],"line":55}},"s":{"0":0,"1":0,"2":0,"3":0,"4":0,"5":0,"6":0,"7":0,"8":0,"9":0,"10":0,"11":0,"12":0},"f":{"0":0,"1":0},"b":{"0":[0,0,0],"1":[0,0],"2":[0,0],"3":[0,0],"4":[0,0],"5":[0,0]}}
,"C:\\Users\\azuce\\OneDrive\\Escritorio\\TesisProyect\\src\\middleware\\idempotencyMiddleware.js": {"path":"C:\\Users\\azuce\\OneDrive\\Escritorio\\TesisProyect\\src\\middleware\\idempotencyMiddleware.js","statementMap":{"0":{"start":{"line":2,"column":31},"end":{"line":2,"column":63}},"1":{"start":{"line":3,"column":15},"end":{"line":3,"column":42}},"2":{"start":{"line":10,"column":20},"end":{"line":56,"column":1}},"3":{"start":{"line":11,"column":16},"end":{"line":11,"column":46}},"4":{"start":{"line":14,"column":4},"end":{"line":16,"column":5}},"5":{"start":{"line":15,"column":8},"end":{"line":15,"column":22}},"6":{"start":{"line":18,"column":4},"end":{"line":25,"column":5}},"7":{"start":{"line":21,"column":8},"end":{"line":23,"column":9}},"8":{"start":{"line":22,"column":12},"end":{"line":22,"column":65}},"9":{"start":{"line":24,"column":8},"end":{"line":24,"column":22}},"10":{"start":{"line":27,"column":21},"end":{"line":27,"column":41}},"11":{"start":{"line":29,"column":4},"end":{"line":55,"column":5}},"12":{"start":{"line":30,"column":31},"end":{"line":30,"column":55}},"13":{"start":{"line":32,"column":8},"end":{"line":36,"column":9}},"14":{"start":{"line":33,"column":12},"end":{"line":33,"column":51}},"15":{"start":{"line":35,"column":12},"end":{"line":35,"column":83}},"16":{"start":{"line":39,"column":29},"end":{"line":39,"column":37}},"17":{"start":{"line":40,"column":8},"end":{"line":49,"column":10}},"18":{"start":{"line":42,"column":12},"end":{"line":45,"column":97}},"19":{"start":{"line":45,"column":42},"end":{"line":45,"column":95}},"20":{"start":{"line":48,"column":12},"end":{"line":48,"column":42}},"21":{"start":{"line":51,"column":8},"end":{"line":51,"column":15}},"22":{"start":{"line":53,"column":8},"end":{"line":53,"column":68}},"23":{"start":{"line":54,"column":8},"end":{"line":54,"column":15}},"24":{"start":{"line":58,"column":0},"end":{"line":58,"column":29}}},"fnMap":{"0":{"name":"(anonymous_0)","decl":{"start":{"line":10,"column":20},"end":{"line":10,"column":21}},"loc":{"start":{"line":10,"column":46},"end":{"line":56,"column":1}},"line":10},"1":{"name":"(anonymous_1)","decl":{"start":{"line":40,"column":19},"end":{"line":40,"column":20}},"loc":{"start":{"line":40,"column":35},"end":{"line":49,"column":9}},"line":40},"2":{"name":"(anonymous_2)","decl":{"start":{"line":45,"column":35},"end":{"line":45,"column":36}},"loc":{"start":{"line":45,"column":42},"end":{"line":45,"column":95}},"line":45}},"branchMap":{"0":{"loc":{"start":{"line":14,"column":4},"end":{"line":16,"column":5}},"type":"if","locations":[{"start":{"line":14,"column":4},"end":{"line":16,"column":5}},{"start":{},"end":{}}],"line":14},"1":{"loc":{"start":{"line":18,"column":4},"end":{"line":25,"column":5}},"type":"if","locations":[{"start":{"line":18,"column":4},"end":{"line":25,"column":5}},{"start":{},"end":{}}],"line":18},"2":{"loc":{"start":{"line":21,"column":8},"end":{"line":23,"column":9}},"type":"if","locations":[{"start":{"line":21,"column":8},"end":{"line":23,"column":9}},{"start":{},"end":{}}],"line":21},"3":{"loc":{"start":{"line":32,"column":8},"end":{"line":36,"column":9}},"type":"if","locations":[{"start":{"line":32,"column":8},"end":{"line":36,"column":9}},{"start":{},"end":{}}],"line":32}},"s":{"0":0,"1":0,"2":0,"3":0,"4":0,"5":0,"6":0,"7":0,"8":0,"9":0,"10":0,"11":0,"12":0,"13":0,"14":0,"15":0,"16":0,"17":0,"18":0,"19":0,"20":0,"21":0,"22":0,"23":0,"24":0},"f":{"0":0,"1":0,"2":0},"b":{"0":[0,0],"1":[0,0],"2":[0,0],"3":[0,0]}}
,"C:\\Users\\azuce\\OneDrive\\Escritorio\\TesisProyect\\src\\middleware\\rateLimitMiddleware.js": {"path":"C:\\Users\\azuce\\OneDrive\\Escritorio\\TesisProyect\\src\\middleware\\rateLimitMiddleware.js","statementMap":{"0":{"start":{"line":2,"column":31},"end":{"line":2,"column":63}},"1":{"start":{"line":3,"column":15},"end":{"line":3,"column":42}},"2":{"start":{"line":11,"column":29},"end":{"line":54,"column":1}},"3":{"start":{"line":12,"column":4},"end":{"line":53,"column":6}},"4":{"start":{"line":13,"column":23},"end":{"line":13,"column":43}},"5":{"start":{"line":14,"column":20},"end":{"line":14,"column":54}},"6":{"start":{"line":16,"column":8},"end":{"line":52,"column":9}},"7":{"start":{"line":17,"column":28},"end":{"line":17,"column":47}},"8":{"start":{"line":19,"column":12},"end":{"line":28,"column":13}},"9":{"start":{"line":20,"column":16},"end":{"line":20,"column":80}},"10":{"start":{"line":21,"column":16},"end":{"line":27,"column":19}},"11":{"start":{"line":32,"column":29},"end":{"line":32,"column":47}},"12":{"start":{"line":37,"column":12},"end":{"line":45,"column":13}},"13":{"start":{"line":38,"column":16},"end":{"line":38,"column":61}},"14":{"start":{"line":44,"column":16},"end":{"line":44,"column":61}},"15":{"start":{"line":47,"column":12},"end":{"line":47,"column":19}},"16":{"start":{"line":49,"column":12},"end":{"line":49,"column":56}},"17":{"start":{"line":51,"column":12},"end":{"line":51,"column":19}},"18":{"start":{"line":56,"column":0},"end":{"line":56,"column":38}}},"fnMap":{"0":{"name":"(anonymous_0)","decl":{"start":{"line":11,"column":29},"end":{"line":11,"column":30}},"loc":{"start":{"line":11,"column":66},"end":{"line":54,"column":1}},"line":11},"1":{"name":"(anonymous_1)","decl":{"start":{"line":12,"column":11},"end":{"line":12,"column":12}},"loc":{"start":{"line":12,"column":37},"end":{"line":53,"column":5}},"line":12}},"branchMap":{"0":{"loc":{"start":{"line":13,"column":23},"end":{"line":13,"column":43}},"type":"binary-expr","locations":[{"start":{"line":13,"column":23},"end":{"line":13,"column":33}},{"start":{"line":13,"column":37},"end":{"line":13,"column":43}}],"line":13},"1":{"loc":{"start":{"line":19,"column":12},"end":{"line":28,"column":13}},"type":"if","locations":[{"start":{"line":19,"column":12},"end":{"line":28,"column":13}},{"start":{},"end":{}}],"line":19},"2":{"loc":{"start":{"line":19,"column":16},"end":{"line":19,"column":43}},"type":"binary-expr","locations":[{"start":{"line":19,"column":16},"end":{"line":19,"column":23}},{"start":{"line":19,"column":27},"end":{"line":19,"column":43}}],"line":19},"3":{"loc":{"start":{"line":32,"column":30},"end":{"line":32,"column":42}},"type":"binary-expr","locations":[{"start":{"line":32,"column":30},"end":{"line":32,"column":37}},{"start":{"line":32,"column":41},"end":{"line":32,"column":42}}],"line":32},"4":{"loc":{"start":{"line":37,"column":12},"end":{"line":45,"column":13}},"type":"if","locations":[{"start":{"line":37,"column":12},"end":{"line":45,"column":13}},{"start":{"line":39,"column":19},"end":{"line":45,"column":13}}],"line":37}},"s":{"0":0,"1":0,"2":0,"3":0,"4":0,"5":0,"6":0,"7":0,"8":0,"9":0,"10":0,"11":0,"12":0,"13":0,"14":0,"15":0,"16":0,"17":0,"18":0},"f":{"0":0,"1":0},"b":{"0":[0,0],"1":[0,0],"2":[0,0],"3":[0,0],"4":[0,0]}}
,"C:\\Users\\azuce\\OneDrive\\Escritorio\\TesisProyect\\src\\middleware\\roleMiddleware.js": {"path":"C:\\Users\\azuce\\OneDrive\\Escritorio\\TesisProyect\\src\\middleware\\roleMiddleware.js","statementMap":{"0":{"start":{"line":2,"column":23},"end":{"line":2,"column":53}},"1":{"start":{"line":8,"column":18},"end":{"line":27,"column":1}},"2":{"start":{"line":9,"column":4},"end":{"line":26,"column":6}},"3":{"start":{"line":10,"column":8},"end":{"line":13,"column":9}},"4":{"start":{"line":11,"column":12},"end":{"line":11,"column":28}},"5":{"start":{"line":12,"column":12},"end":{"line":12,"column":68}},"6":{"start":{"line":16,"column":8},"end":{"line":18,"column":9}},"7":{"start":{"line":17,"column":12},"end":{"line":17,"column":26}},"8":{"start":{"line":20,"column":8},"end":{"line":23,"column":9}},"9":{"start":{"line":21,"column":12},"end":{"line":21,"column":28}},"10":{"start":{"line":22,"column":12},"end":{"line":22,"column":93}},"11":{"start":{"line":25,"column":8},"end":{"line":25,"column":15}},"12":{"start":{"line":29,"column":0},"end":{"line":29,"column":31}}},"fnMap":{"0":{"name":"(anonymous_0)","decl":{"start":{"line":8,"column":18},"end":{"line":8,"column":19}},"loc":{"start":{"line":8,"column":39},"end":{"line":27,"column":1}},"line":8},"1":{"name":"(anonymous_1)","decl":{"start":{"line":9,"column":11},"end":{"line":9,"column":12}},"loc":{"start":{"line":9,"column":31},"end":{"line":26,"column":5}},"line":9}},"branchMap":{"0":{"loc":{"start":{"line":10,"column":8},"end":{"line":13,"column":9}},"type":"if","locations":[{"start":{"line":10,"column":8},"end":{"line":13,"column":9}},{"start":{},"end":{}}],"line":10},"1":{"loc":{"start":{"line":16,"column":8},"end":{"line":18,"column":9}},"type":"if","locations":[{"start":{"line":16,"column":8},"end":{"line":18,"column":9}},{"start":{},"end":{}}],"line":16},"2":{"loc":{"start":{"line":20,"column":8},"end":{"line":23,"column":9}},"type":"if","locations":[{"start":{"line":20,"column":8},"end":{"line":23,"column":9}},{"start":{},"end":{}}],"line":20}},"s":{"0":0,"1":0,"2":0,"3":0,"4":0,"5":0,"6":0,"7":0,"8":0,"9":0,"10":0,"11":0,"12":0},"f":{"0":0,"1":0},"b":{"0":[0,0],"1":[0,0],"2":[0,0]}}
,"C:\\Users\\azuce\\OneDrive\\Escritorio\\TesisProyect\\src\\middleware\\versionMiddleware.js": {"path":"C:\\Users\\azuce\\OneDrive\\Escritorio\\TesisProyect\\src\\middleware\\versionMiddleware.js","statementMap":{"0":{"start":{"line":8,"column":26},"end":{"line":32,"column":1}},"1":{"start":{"line":9,"column":20},"end":{"line":9,"column":49}},"2":{"start":{"line":12,"column":4},"end":{"line":15,"column":5}},"3":{"start":{"line":13,"column":8},"end":{"line":13,"column":30}},"4":{"start":{"line":14,"column":8},"end":{"line":14,"column":22}},"5":{"start":{"line":18,"column":30},"end":{"line":18,"column":36}},"6":{"start":{"line":20,"column":4},"end":{"line":28,"column":5}},"7":{"start":{"line":21,"column":8},"end":{"line":27,"column":11}},"8":{"start":{"line":30,"column":4},"end":{"line":30,"column":29}},"9":{"start":{"line":31,"column":4},"end":{"line":31,"column":11}},"10":{"start":{"line":34,"column":0},"end":{"line":34,"column":35}}},"fnMap":{"0":{"name":"(anonymous_0)","decl":{"start":{"line":8,"column":26},"end":{"line":8,"column":27}},"loc":{"start":{"line":8,"column":46},"end":{"line":32,"column":1}},"line":8}},"branchMap":{"0":{"loc":{"start":{"line":12,"column":4},"end":{"line":15,"column":5}},"type":"if","locations":[{"start":{"line":12,"column":4},"end":{"line":15,"column":5}},{"start":{},"end":{}}],"line":12},"1":{"loc":{"start":{"line":20,"column":4},"end":{"line":28,"column":5}},"type":"if","locations":[{"start":{"line":20,"column":4},"end":{"line":28,"column":5}},{"start":{},"end":{}}],"line":20}},"s":{"0":0,"1":0,"2":0,"3":0,"4":0,"5":0,"6":0,"7":0,"8":0,"9":0,"10":0},"f":{"0":0},"b":{"0":[0,0],"1":[0,0]}}
,"C:\\Users\\azuce\\OneDrive\\Escritorio\\TesisProyect\\src\\models\\AuditLog.js": {"path":"C:\\Users\\azuce\\OneDrive\\Escritorio\\TesisProyect\\src\\models\\AuditLog.js","statementMap":{"0":{"start":{"line":2,"column":17},"end":{"line":2,"column":36}},"1":{"start":{"line":4,"column":23},"end":{"line":60,"column":2}},"2":{"start":{"line":63,"column":0},"end":{"line":63,"column":51}},"3":{"start":{"line":64,"column":0},"end":{"line":64,"column":36}},"4":{"start":{"line":66,"column":0},"end":{"line":66,"column":88}}},"fnMap":{},"branchMap":{"0":{"loc":{"start":{"line":66,"column":17},"end":{"line":66,"column":87}},"type":"binary-expr","locations":[{"start":{"line":66,"column":17},"end":{"line":66,"column":41}},{"start":{"line":66,"column":45},"end":{"line":66,"column":87}}],"line":66}},"s":{"0":1,"1":1,"2":1,"3":1,"4":1},"f":{},"b":{"0":[1,1]},"_coverageSchema":"1a1c01bbd47fc00a2c39e90264f33305004495a9","hash":"1ba1f6b89efb43ae806d0cfad2c794dad499c1fe"}
,"C:\\Users\\azuce\\OneDrive\\Escritorio\\TesisProyect\\src\\models\\Invoice.js": {"path":"C:\\Users\\azuce\\OneDrive\\Escritorio\\TesisProyect\\src\\models\\Invoice.js","statementMap":{"0":{"start":{"line":2,"column":17},"end":{"line":2,"column":36}},"1":{"start":{"line":4,"column":22},"end":{"line":44,"column":2}},"2":{"start":{"line":46,"column":0},"end":{"line":46,"column":85}}},"fnMap":{},"branchMap":{"0":{"loc":{"start":{"line":46,"column":17},"end":{"line":46,"column":84}},"type":"binary-expr","locations":[{"start":{"line":46,"column":17},"end":{"line":46,"column":40}},{"start":{"line":46,"column":44},"end":{"line":46,"column":84}}],"line":46}},"s":{"0":0,"1":0,"2":0},"f":{},"b":{"0":[0,0]}}
,"C:\\Users\\azuce\\OneDrive\\Escritorio\\TesisProyect\\src\\models\\ParkingLot.js": {"path":"C:\\Users\\azuce\\OneDrive\\Escritorio\\TesisProyect\\src\\models\\ParkingLot.js","statementMap":{"0":{"start":{"line":1,"column":17},"end":{"line":1,"column":36}},"1":{"start":{"line":3,"column":27},"end":{"line":21,"column":2}},"2":{"start":{"line":23,"column":25},"end":{"line":45,"column":2}},"3":{"start":{"line":48,"column":0},"end":{"line":48,"column":49}},"4":{"start":{"line":50,"column":0},"end":{"line":50,"column":94}}},"fnMap":{},"branchMap":{"0":{"loc":{"start":{"line":50,"column":17},"end":{"line":50,"column":93}},"type":"binary-expr","locations":[{"start":{"line":50,"column":17},"end":{"line":50,"column":43}},{"start":{"line":50,"column":47},"end":{"line":50,"column":93}}],"line":50}},"s":{"0":0,"1":0,"2":0,"3":0,"4":0},"f":{},"b":{"0":[0,0]}}
,"C:\\Users\\azuce\\OneDrive\\Escritorio\\TesisProyect\\src\\models\\PricingPlan.js": {"path":"C:\\Users\\azuce\\OneDrive\\Escritorio\\TesisProyect\\src\\models\\PricingPlan.js","statementMap":{"0":{"start":{"line":2,"column":17},"end":{"line":2,"column":36}},"1":{"start":{"line":4,"column":26},"end":{"line":50,"column":2}},"2":{"start":{"line":52,"column":0},"end":{"line":52,"column":97}}},"fnMap":{},"branchMap":{"0":{"loc":{"start":{"line":52,"column":17},"end":{"line":52,"column":96}},"type":"binary-expr","locations":[{"start":{"line":52,"column":17},"end":{"line":52,"column":44}},{"start":{"line":52,"column":48},"end":{"line":52,"column":96}}],"line":52}},"s":{"0":0,"1":0,"2":0},"f":{},"b":{"0":[0,0]}}
,"C:\\Users\\azuce\\OneDrive\\Escritorio\\TesisProyect\\src\\models\\user.js": {"path":"C:\\Users\\azuce\\OneDrive\\Escritorio\\TesisProyect\\src\\models\\user.js","statementMap":{"0":{"start":{"line":2,"column":17},"end":{"line":2,"column":36}},"1":{"start":{"line":3,"column":15},"end":{"line":3,"column":32}},"2":{"start":{"line":4,"column":23},"end":{"line":4,"column":53}},"3":{"start":{"line":6,"column":19},"end":{"line":97,"column":2}},"4":{"start":{"line":100,"column":0},"end":{"line":105,"column":3}},"5":{"start":{"line":101,"column":4},"end":{"line":103,"column":5}},"6":{"start":{"line":102,"column":8},"end":{"line":102,"column":61}},"7":{"start":{"line":104,"column":4},"end":{"line":104,"column":11}},"8":{"start":{"line":108,"column":0},"end":{"line":110,"column":2}},"9":{"start":{"line":109,"column":4},"end":{"line":109,"column":64}},"10":{"start":{"line":112,"column":0},"end":{"line":112,"column":76}}},"fnMap":{"0":{"name":"(anonymous_0)","decl":{"start":{"line":100,"column":23},"end":{"line":100,"column":24}},"loc":{"start":{"line":100,"column":45},"end":{"line":105,"column":1}},"line":100},"1":{"name":"(anonymous_1)","decl":{"start":{"line":108,"column":35},"end":{"line":108,"column":36}},"loc":{"start":{"line":108,"column":68},"end":{"line":110,"column":1}},"line":108}},"branchMap":{"0":{"loc":{"start":{"line":101,"column":4},"end":{"line":103,"column":5}},"type":"if","locations":[{"start":{"line":101,"column":4},"end":{"line":103,"column":5}},{"start":{},"end":{}}],"line":101},"1":{"loc":{"start":{"line":112,"column":17},"end":{"line":112,"column":75}},"type":"binary-expr","locations":[{"start":{"line":112,"column":17},"end":{"line":112,"column":37}},{"start":{"line":112,"column":41},"end":{"line":112,"column":75}}],"line":112}},"s":{"0":1,"1":1,"2":1,"3":1,"4":1,"5":3,"6":3,"7":3,"8":1,"9":1,"10":1},"f":{"0":3,"1":1},"b":{"0":[3,0],"1":[1,1]},"_coverageSchema":"1a1c01bbd47fc00a2c39e90264f33305004495a9","hash":"39c4eed6f5c21d6a0b74f4e86ce134b5e5317343"}
,"C:\\Users\\azuce\\OneDrive\\Escritorio\\TesisProyect\\src\\routes\\authRoutes.js": {"path":"C:\\Users\\azuce\\OneDrive\\Escritorio\\TesisProyect\\src\\routes\\authRoutes.js","statementMap":{"0":{"start":{"line":2,"column":16},"end":{"line":2,"column":34}},"1":{"start":{"line":3,"column":15},"end":{"line":3,"column":31}},"2":{"start":{"line":4,"column":18},"end":{"line":4,"column":47}},"3":{"start":{"line":5,"column":23},"end":{"line":5,"column":63}},"4":{"start":{"line":6,"column":35},"end":{"line":6,"column":63}},"5":{"start":{"line":9,"column":21},"end":{"line":18,"column":2}},"6":{"start":{"line":21,"column":31},"end":{"line":31,"column":1}},"7":{"start":{"line":22,"column":19},"end":{"line":22,"column":40}},"8":{"start":{"line":23,"column":4},"end":{"line":29,"column":5}},"9":{"start":{"line":24,"column":8},"end":{"line":28,"column":11}},"10":{"start":{"line":30,"column":4},"end":{"line":30,"column":11}},"11":{"start":{"line":34,"column":27},"end":{"line":60,"column":1}},"12":{"start":{"line":63,"column":24},"end":{"line":71,"column":1}},"13":{"start":{"line":121,"column":0},"end":{"line":121,"column":94}},"14":{"start":{"line":164,"column":0},"end":{"line":164,"column":99}},"15":{"start":{"line":189,"column":0},"end":{"line":189,"column":53}},"16":{"start":{"line":212,"column":0},"end":{"line":212,"column":46}},"17":{"start":{"line":232,"column":20},"end":{"line":232,"column":59}},"18":{"start":{"line":233,"column":0},"end":{"line":233,"column":49}},"19":{"start":{"line":235,"column":0},"end":{"line":235,"column":24}}},"fnMap":{"0":{"name":"(anonymous_0)","decl":{"start":{"line":21,"column":31},"end":{"line":21,"column":32}},"loc":{"start":{"line":21,"column":51},"end":{"line":31,"column":1}},"line":21}},"branchMap":{"0":{"loc":{"start":{"line":23,"column":4},"end":{"line":29,"column":5}},"type":"if","locations":[{"start":{"line":23,"column":4},"end":{"line":29,"column":5}},{"start":{},"end":{}}],"line":23}},"s":{"0":1,"1":1,"2":1,"3":1,"4":1,"5":1,"6":1,"7":6,"8":6,"9":0,"10":6,"11":1,"12":1,"13":1,"14":1,"15":1,"16":1,"17":1,"18":1,"19":1},"f":{"0":6},"b":{"0":[0,6]},"_coverageSchema":"1a1c01bbd47fc00a2c39e90264f33305004495a9","hash":"77c6249871091eec25ac23e70fcf333e099675dc"}
,"C:\\Users\\azuce\\OneDrive\\Escritorio\\TesisProyect\\src\\routes\\healthRoutes.js": {"path":"C:\\Users\\azuce\\OneDrive\\Escritorio\\TesisProyect\\src\\routes\\healthRoutes.js","statementMap":{"0":{"start":{"line":2,"column":16},"end":{"line":2,"column":34}},"1":{"start":{"line":3,"column":15},"end":{"line":3,"column":31}},"2":{"start":{"line":8,"column":4},"end":{"line":8,"column":46}},"3":{"start":{"line":16,"column":0},"end":{"line":16,"column":39}},"4":{"start":{"line":19,"column":0},"end":{"line":19,"column":41}},"5":{"start":{"line":22,"column":0},"end":{"line":22,"column":32}},"6":{"start":{"line":24,"column":0},"end":{"line":24,"column":24}}},"fnMap":{},"branchMap":{},"s":{"0":0,"1":0,"2":0,"3":0,"4":0,"5":0,"6":0},"f":{},"b":{}}
,"C:\\Users\\azuce\\OneDrive\\Escritorio\\TesisProyect\\src\\routes\\invoiceRoutes.js": {"path":"C:\\Users\\azuce\\OneDrive\\Escritorio\\TesisProyect\\src\\routes\\invoiceRoutes.js","statementMap":{"0":{"start":{"line":2,"column":16},"end":{"line":2,"column":34}},"1":{"start":{"line":3,"column":15},"end":{"line":3,"column":31}},"2":{"start":{"line":4,"column":28},"end":{"line":4,"column":71}},"3":{"start":{"line":5,"column":20},"end":{"line":5,"column":59}},"4":{"start":{"line":7,"column":0},"end":{"line":7,"column":51}},"5":{"start":{"line":9,"column":0},"end":{"line":9,"column":24}}},"fnMap":{},"branchMap":{},"s":{"0":0,"1":0,"2":0,"3":0,"4":0,"5":0},"f":{},"b":{}}
,"C:\\Users\\azuce\\OneDrive\\Escritorio\\TesisProyect\\src\\routes\\iotRoutes.js": {"path":"C:\\Users\\azuce\\OneDrive\\Escritorio\\TesisProyect\\src\\routes\\iotRoutes.js","statementMap":{"0":{"start":{"line":2,"column":16},"end":{"line":2,"column":34}},"1":{"start":{"line":3,"column":15},"end":{"line":3,"column":31}},"2":{"start":{"line":4,"column":27},"end":{"line":4,"column":66}},"3":{"start":{"line":8,"column":0},"end":{"line":8,"column":42}},"4":{"start":{"line":10,"column":0},"end":{"line":10,"column":24}}},"fnMap":{},"branchMap":{},"s":{"0":0,"1":0,"2":0,"3":0,"4":0},"f":{},"b":{}}
,"C:\\Users\\azuce\\OneDrive\\Escritorio\\TesisProyect\\src\\routes\\parkingRoutes.js": {"path":"C:\\Users\\azuce\\OneDrive\\Escritorio\\TesisProyect\\src\\routes\\parkingRoutes.js","statementMap":{"0":{"start":{"line":2,"column":16},"end":{"line":2,"column":34}},"1":{"start":{"line":3,"column":20},"end":{"line":3,"column":59}},"2":{"start":{"line":4,"column":22},"end":{"line":4,"column":61}},"3":{"start":{"line":5,"column":26},"end":{"line":5,"column":69}},"4":{"start":{"line":6,"column":23},"end":{"line":6,"column":53}},"5":{"start":{"line":8,"column":15},"end":{"line":8,"column":31}},"6":{"start":{"line":33,"column":0},"end":{"line":33,"column":63}},"7":{"start":{"line":35,"column":29},"end":{"line":35,"column":73}},"8":{"start":{"line":42,"column":0},"end":{"line":46,"column":2}},"9":{"start":{"line":53,"column":0},"end":{"line":53,"column":65}},"10":{"start":{"line":64,"column":0},"end":{"line":68,"column":2}},"11":{"start":{"line":76,"column":0},"end":{"line":81,"column":2}},"12":{"start":{"line":83,"column":0},"end":{"line":83,"column":24}}},"fnMap":{},"branchMap":{},"s":{"0":0,"1":0,"2":0,"3":0,"4":0,"5":0,"6":0,"7":0,"8":0,"9":0,"10":0,"11":0,"12":0},"f":{},"b":{}}
,"C:\\Users\\azuce\\OneDrive\\Escritorio\\TesisProyect\\src\\scripts\\checkExpirations.js": {"path":"C:\\Users\\azuce\\OneDrive\\Escritorio\\TesisProyect\\src\\scripts\\checkExpirations.js","statementMap":{"0":{"start":{"line":2,"column":17},"end":{"line":2,"column":36}},"1":{"start":{"line":3,"column":13},"end":{"line":3,"column":38}},"2":{"start":{"line":4,"column":20},"end":{"line":4,"column":52}},"3":{"start":{"line":5,"column":15},"end":{"line":5,"column":42}},"4":{"start":{"line":6,"column":23},"end":{"line":6,"column":59}},"5":{"start":{"line":12,"column":25},"end":{"line":57,"column":1}},"6":{"start":{"line":13,"column":4},"end":{"line":56,"column":5}},"7":{"start":{"line":14,"column":8},"end":{"line":14,"column":64}},"8":{"start":{"line":17,"column":28},"end":{"line":20,"column":10}},"9":{"start":{"line":22,"column":8},"end":{"line":52,"column":9}},"10":{"start":{"line":23,"column":30},"end":{"line":23,"column":54}},"11":{"start":{"line":24,"column":24},"end":{"line":24,"column":34}},"12":{"start":{"line":25,"column":31},"end":{"line":25,"column":46}},"13":{"start":{"line":26,"column":36},"end":{"line":26,"column":72}},"14":{"start":{"line":32,"column":12},"end":{"line":38,"column":13}},"15":{"start":{"line":33,"column":16},"end":{"line":37,"column":19}},"16":{"start":{"line":42,"column":39},"end":{"line":42,"column":42}},"17":{"start":{"line":43,"column":38},"end":{"line":43,"column":40}},"18":{"start":{"line":45,"column":12},"end":{"line":51,"column":13}},"19":{"start":{"line":46,"column":16},"end":{"line":50,"column":19}},"20":{"start":{"line":55,"column":8},"end":{"line":55,"column":63}},"21":{"start":{"line":59,"column":0},"end":{"line":59,"column":34}}},"fnMap":{"0":{"name":"(anonymous_0)","decl":{"start":{"line":12,"column":25},"end":{"line":12,"column":26}},"loc":{"start":{"line":12,"column":37},"end":{"line":57,"column":1}},"line":12}},"branchMap":{"0":{"loc":{"start":{"line":32,"column":12},"end":{"line":38,"column":13}},"type":"if","locations":[{"start":{"line":32,"column":12},"end":{"line":38,"column":13}},{"start":{},"end":{}}],"line":32},"1":{"loc":{"start":{"line":32,"column":16},"end":{"line":32,"column":65}},"type":"binary-expr","locations":[{"start":{"line":32,"column":16},"end":{"line":32,"column":35}},{"start":{"line":32,"column":39},"end":{"line":32,"column":65}}],"line":32},"2":{"loc":{"start":{"line":45,"column":12},"end":{"line":51,"column":13}},"type":"if","locations":[{"start":{"line":45,"column":12},"end":{"line":51,"column":13}},{"start":{},"end":{}}],"line":45},"3":{"loc":{"start":{"line":45,"column":16},"end":{"line":45,"column":115}},"type":"binary-expr","locations":[{"start":{"line":45,"column":16},"end":{"line":45,"column":75}},{"start":{"line":45,"column":79},"end":{"line":45,"column":115}}],"line":45}},"s":{"0":0,"1":0,"2":0,"3":0,"4":0,"5":0,"6":0,"7":0,"8":0,"9":0,"10":0,"11":0,"12":0,"13":0,"14":0,"15":0,"16":0,"17":0,"18":0,"19":0,"20":0,"21":0},"f":{"0":0},"b":{"0":[0,0],"1":[0,0],"2":[0,0],"3":[0,0]}}
,"C:\\Users\\azuce\\OneDrive\\Escritorio\\TesisProyect\\src\\scripts\\initPricingPlans.js": {"path":"C:\\Users\\azuce\\OneDrive\\Escritorio\\TesisProyect\\src\\scripts\\initPricingPlans.js","statementMap":{"0":{"start":{"line":2,"column":17},"end":{"line":2,"column":36}},"1":{"start":{"line":3,"column":20},"end":{"line":3,"column":52}},"2":{"start":{"line":4,"column":15},"end":{"line":4,"column":42}},"3":{"start":{"line":6,"column":21},"end":{"line":45,"column":1}},"4":{"start":{"line":47,"column":25},"end":{"line":63,"column":1}},"5":{"start":{"line":48,"column":4},"end":{"line":62,"column":5}},"6":{"start":{"line":49,"column":8},"end":{"line":58,"column":9}},"7":{"start":{"line":50,"column":27},"end":{"line":50,"column":73}},"8":{"start":{"line":51,"column":12},"end":{"line":57,"column":13}},"9":{"start":{"line":52,"column":16},"end":{"line":52,"column":47}},"10":{"start":{"line":53,"column":16},"end":{"line":53,"column":68}},"11":{"start":{"line":59,"column":8},"end":{"line":59,"column":71}},"12":{"start":{"line":61,"column":8},"end":{"line":61,"column":70}},"13":{"start":{"line":65,"column":0},"end":{"line":65,"column":34}}},"fnMap":{"0":{"name":"(anonymous_0)","decl":{"start":{"line":47,"column":25},"end":{"line":47,"column":26}},"loc":{"start":{"line":47,"column":37},"end":{"line":63,"column":1}},"line":47}},"branchMap":{"0":{"loc":{"start":{"line":51,"column":12},"end":{"line":57,"column":13}},"type":"if","locations":[{"start":{"line":51,"column":12},"end":{"line":57,"column":13}},{"start":{"line":54,"column":19},"end":{"line":57,"column":13}}],"line":51}},"s":{"0":0,"1":0,"2":0,"3":0,"4":0,"5":0,"6":0,"7":0,"8":0,"9":0,"10":0,"11":0,"12":0,"13":0},"f":{"0":0},"b":{"0":[0,0]}}
[...]
d":{"line":68,"column":5}},"loc":{"start":{"line":68,"column":35},"end":{"line":104,"column":5}},"line":68},"9":{"name":"(anonymous_9)","decl":{"start":{"line":80,"column":31},"end":{"line":80,"column":32}},"loc":{"start":{"line":80,"column":44},"end":{"line":85,"column":13}},"line":80},"10":{"name":"(anonymous_10)","decl":{"start":{"line":81,"column":27},"end":{"line":81,"column":28}},"loc":{"start":{"line":81,"column":33},"end":{"line":84,"column":17}},"line":81},"11":{"name":"(anonymous_11)","decl":{"start":{"line":93,"column":27},"end":{"line":93,"column":28}},"loc":{"start":{"line":93,"column":48},"end":{"line":103,"column":9}},"line":93},"12":{"name":"(anonymous_12)","decl":{"start":{"line":94,"column":60},"end":{"line":94,"column":61}},"loc":{"start":{"line":94,"column":69},"end":{"line":102,"column":13}},"line":94}},"branchMap":{"0":{"loc":{"start":{"line":9,"column":30},"end":{"line":9,"column":80}},"type":"binary-expr","locations":[{"start":{"line":9,"column":30},"end":{"line":9,"column":72}},{"start":{"line":9,"column":76},"end":{"line":9,"column":80}}],"line":9},"1":{"loc":{"start":{"line":11,"column":8},"end":{"line":15,"column":9}},"type":"if","locations":[{"start":{"line":11,"column":8},"end":{"line":15,"column":9}},{"start":{"line":13,"column":15},"end":{"line":15,"column":9}}],"line":11},"2":{"loc":{"start":{"line":19,"column":26},"end":{"line":19,"column":84}},"type":"binary-expr","locations":[{"start":{"line":19,"column":26},"end":{"line":19,"column":53}},{"start":{"line":19,"column":57},"end":{"line":19,"column":84}}],"line":19},"3":{"loc":{"start":{"line":50,"column":12},"end":{"line":54,"column":13}},"type":"if","locations":[{"start":{"line":50,"column":12},"end":{"line":54,"column":13}},{"start":{"line":52,"column":19},"end":{"line":54,"column":13}}],"line":50},"4":{"loc":{"start":{"line":77,"column":8},"end":{"line":86,"column":9}},"type":"if","locations":[{"start":{"line":77,"column":8},"end":{"line":86,"column":9}},{"start":{},"end":{}}],"line":77},"5":{"loc":{"start":{"line":88,"column":8},"end":{"line":91,"column":9}},"type":"if","locations":[{"start":{"line":88,"column":8},"end":{"line":91,"column":9}},{"start":{},"end":{}}],"line":88},"6":{"loc":{"start":{"line":95,"column":16},"end":{"line":101,"column":17}},"type":"if","locations":[{"start":{"line":95,"column":16},"end":{"line":101,"column":17}},{"start":{"line":98,"column":23},"end":{"line":101,"column":17}}],"line":95}},"s":{"0":0,"1":0,"2":0,"3":0,"4":0,"5":0,"6":0,"7":0,"8":0,"9":0,"10":0,"11":0,"12":0,"13":0,"14":0,"15":0,"16":0,"17":0,"18":0,"19":0,"20":0,"21":0,"22":0,"23":0,"24":0,"25":0,"26":0,"27":0,"28":0,"29":0,"30":0,"31":0,"32":0,"33":0,"34":0,"35":0,"36":0,"37":0,"38":0,"39":0,"40":0,"41":0,"42":0,"43":0,"44":0,"45":0,"46":0},"f":{"0":0,"1":0,"2":0,"3":0,"4":0,"5":0,"6":0,"7":0,"8":0,"9":0,"10":0,"11":0,"12":0},"b":{"0":[0,0],"1":[0,0],"2":[0,0],"3":[0,0],"4":[0,0],"5":[0,0],"6":[0,0]}}
,"C:\\Users\\azuce\\OneDrive\\Escritorio\\TesisProyect\\src\\services\\socketService.js": {"path":"C:\\Users\\azuce\\OneDrive\\Escritorio\\TesisProyect\\src\\services\\socketService.js","statementMap":{"0":{"start":{"line":2,"column":19},"end":{"line":2,"column":39}},"1":{"start":{"line":3,"column":15},"end":{"line":3,"column":42}},"2":{"start":{"line":7,"column":19},"end":{"line":38,"column":1}},"3":{"start":{"line":8,"column":4},"end":{"line":13,"column":7}},"4":{"start":{"line":15,"column":4},"end":{"line":35,"column":7}},"5":{"start":{"line":16,"column":8},"end":{"line":16,"column":58}},"6":{"start":{"line":19,"column":8},"end":{"line":24,"column":11}},"7":{"start":{"line":20,"column":12},"end":{"line":23,"column":13}},"8":{"start":{"line":21,"column":16},"end":{"line":21,"column":46}},"9":{"start":{"line":22,"column":16},"end":{"line":22,"column":82}},"10":{"start":{"line":27,"column":8},"end":{"line":30,"column":11}},"11":{"start":{"line":28,"column":12},"end":{"line":28,"column":42}},"12":{"start":{"line":29,"column":12},"end":{"line":29,"column":78}},"13":{"start":{"line":32,"column":8},"end":{"line":34,"column":11}},"14":{"start":{"line":33,"column":12},"end":{"line":33,"column":64}},"15":{"start":{"line":37,"column":4},"end":{"line":37,"column":14}},"16":{"start":{"line":40,"column":14},"end":{"line":45,"column":1}},"17":{"start":{"line":41,"column":4},"end":{"line":43,"column":5}},"18":{"start":{"line":42,"column":8},"end":{"line":42,"column":54}},"19":{"start":{"line":44,"column":4},"end":{"line":44,"column":14}},"20":{"start":{"line":51,"column":26},"end":{"line":58,"column":1}},"21":{"start":{"line":52,"column":4},"end":{"line":57,"column":5}},"22":{"start":{"line":53,"column":8},"end":{"line":53,"column":72}},"23":{"start":{"line":54,"column":8},"end":{"line":54,"column":56}},"24":{"start":{"line":56,"column":8},"end":{"line":56,"column":74}},"25":{"start":{"line":66,"column":19},"end":{"line":73,"column":1}},"26":{"start":{"line":67,"column":4},"end":{"line":72,"column":5}},"27":{"start":{"line":68,"column":8},"end":{"line":68,"column":55}},"28":{"start":{"line":69,"column":8},"end":{"line":69,"column":74}},"29":{"start":{"line":71,"column":8},"end":{"line":71,"column":61}},"30":{"start":{"line":75,"column":0},"end":{"line":80,"column":2}}},"fnMap":{"0":{"name":"(anonymous_0)","decl":{"start":{"line":7,"column":19},"end":{"line":7,"column":20}},"loc":{"start":{"line":7,"column":35},"end":{"line":38,"column":1}},"line":7},"1":{"name":"(anonymous_1)","decl":{"start":{"line":15,"column":24},"end":{"line":15,"column":25}},"loc":{"start":{"line":15,"column":36},"end":{"line":35,"column":5}},"line":15},"2":{"name":"(anonymous_2)","decl":{"start":{"line":19,"column":36},"end":{"line":19,"column":37}},"loc":{"start":{"line":19,"column":48},"end":{"line":24,"column":9}},"line":19},"3":{"name":"(anonymous_3)","decl":{"start":{"line":27,"column":38},"end":{"line":27,"column":39}},"loc":{"start":{"line":27,"column":44},"end":{"line":30,"column":9}},"line":27},"4":{"name":"(anonymous_4)","decl":{"start":{"line":32,"column":32},"end":{"line":32,"column":33}},"loc":{"start":{"line":32,"column":38},"end":{"line":34,"column":9}},"line":32},"5":{"name":"(anonymous_5)","decl":{"start":{"line":40,"column":14},"end":{"line":40,"column":15}},"loc":{"start":{"line":40,"column":20},"end":{"line":45,"column":1}},"line":40},"6":{"name":"(anonymous_6)","decl":{"start":{"line":51,"column":26},"end":{"line":51,"column":27}},"loc":{"start":{"line":51,"column":42},"end":{"line":58,"column":1}},"line":51},"7":{"name":"(anonymous_7)","decl":{"start":{"line":66,"column":19},"end":{"line":66,"column":20}},"loc":{"start":{"line":66,"column":44},"end":{"line":73,"column":1}},"line":66}},"branchMap":{"0":{"loc":{"start":{"line":10,"column":20},"end":{"line":10,"column":94}},"type":"cond-expr","locations":[{"start":{"line":10,"column":50},"end":{"line":10,"column":88}},{"start":{"line":10,"column":91},"end":{"line":10,"column":94}}],"line":10},"1":{"loc":{"start":{"line":20,"column":12},"end":{"line":23,"column":13}},"type":"if","locations":[{"start":{"line":20,"column":12},"end":{"line":23,"column":13}},{"start":{},"end":{}}],"line":20},"2":{"loc":{"start":{"line":41,"column":4},"end":{"line":43,"column":5}},"type":"if","locations":[{"start":{"line":41,"column":4},"end":{"line":43,"column":5}},{"start":{},"end":{}}],"line":41}},"s":{"0":0,"1":0,"2":0,"3":0,"4":0,"5":0,"6":0,"7":0,"8":0,"9":0,"10":0,"11":0,"12":0,"13":0,"14":0,"15":0,"16":0,"17":0,"18":0,"19":0,"20":0,"21":0,"22":0,"23":0,"24":0,"25":0,"26":0,"27":0,"28":0,"29":0,"30":0},"f":{"0":0,"1":0,"2":0,"3":0,"4":0,"5":0,"6":0,"7":0},"b":{"0":[0,0],"1":[0,0],"2":[0,0]}}
,"C:\\Users\\azuce\\OneDrive\\Escritorio\\TesisProyect\\src\\utils\\ApiError.js": {"path":"C:\\Users\\azuce\\OneDrive\\Escritorio\\TesisProyect\\src\\utils\\ApiError.js","statementMap":{"0":{"start":{"line":12,"column":8},"end":{"line":12,"column":23}},"1":{"start":{"line":13,"column":8},"end":{"line":13,"column":37}},"2":{"start":{"line":14,"column":8},"end":{"line":14,"column":34}},"3":{"start":{"line":16,"column":8},"end":{"line":16,"column":56}},"4":{"start":{"line":20,"column":0},"end":{"line":20,"column":26}}},"fnMap":{"0":{"name":"(anonymous_0)","decl":{"start":{"line":11,"column":4},"end":{"line":11,"column":5}},"loc":{"start":{"line":11,"column":37},"end":{"line":17,"column":5}},"line":11}},"branchMap":{},"s":{"0":0,"1":0,"2":0,"3":0,"4":0},"f":{"0":0},"b":{}}
,"C:\\Users\\azuce\\OneDrive\\Escritorio\\TesisProyect\\src\\utils\\auditLogger.js": {"path":"C:\\Users\\azuce\\OneDrive\\Escritorio\\TesisProyect\\src\\utils\\auditLogger.js","statementMap":{"0":{"start":{"line":2,"column":17},"end":{"line":2,"column":46}},"1":{"start":{"line":3,"column":15},"end":{"line":3,"column":42}},"2":{"start":{"line":15,"column":17},"end":{"line":51,"column":1}},"3":{"start":{"line":16,"column":4},"end":{"line":50,"column":5}},"4":{"start":{"line":18,"column":23},"end":{"line":18,"column":69}},"5":{"start":{"line":19,"column":25},"end":{"line":19,"column":74}},"6":{"start":{"line":22,"column":26},"end":{"line":22,"column":97}},"7":{"start":{"line":23,"column":26},"end":{"line":23,"column":64}},"8":{"start":{"line":26,"column":8},"end":{"line":35,"column":11}},"9":{"start":{"line":38,"column":8},"end":{"line":42,"column":11}},"10":{"start":{"line":46,"column":8},"end":{"line":49,"column":11}},"11":{"start":{"line":53,"column":0},"end":{"line":53,"column":30}}},"fnMap":{"0":{"name":"(anonymous_0)","decl":{"start":{"line":15,"column":17},"end":{"line":15,"column":18}},"loc":{"start":{"line":15,"column":84},"end":{"line":51,"column":1}},"line":15}},"branchMap":{"0":{"loc":{"start":{"line":15,"column":47},"end":{"line":15,"column":59}},"type":"default-arg","locations":[{"start":{"line":15,"column":57},"end":{"line":15,"column":59}}],"line":15},"1":{"loc":{"start":{"line":15,"column":61},"end":{"line":15,"column":79}},"type":"default-arg","locations":[{"start":{"line":15,"column":70},"end":{"line":15,"column":79}}],"line":15},"2":{"loc":{"start":{"line":18,"column":23},"end":{"line":18,"column":69}},"type":"cond-expr","locations":[{"start":{"line":18,"column":34},"end":{"line":18,"column":46}},{"start":{"line":18,"column":50},"end":{"line":18,"column":68}}],"line":18},"3":{"loc":{"start":{"line":18,"column":50},"end":{"line":18,"column":68}},"type":"binary-expr","locations":[{"start":{"line":18,"column":50},"end":{"line":18,"column":60}},{"start":{"line":18,"column":64},"end":{"line":18,"column":68}}],"line":18},"4":{"loc":{"start":{"line":19,"column":25},"end":{"line":19,"column":74}},"type":"cond-expr","locations":[{"start":{"line":19,"column":36},"end":{"line":19,"column":49}},{"start":{"line":19,"column":53},"end":{"line":19,"column":73}}],"line":19},"5":{"loc":{"start":{"line":19,"column":53},"end":{"line":19,"column":73}},"type":"binary-expr","locations":[{"start":{"line":19,"column":53},"end":{"line":19,"column":65}},{"start":{"line":19,"column":69},"end":{"line":19,"column":73}}],"line":19},"6":{"loc":{"start":{"line":22,"column":26},"end":{"line":22,"column":97}},"type":"binary-expr","locations":[{"start":{"line":22,"column":26},"end":{"line":22,"column":56}},{"start":{"line":22,"column":60},"end":{"line":22,"column":84}},{"start":{"line":22,"column":88},"end":{"line":22,"column":97}}],"line":22},"7":{"loc":{"start":{"line":23,"column":26},"end":{"line":23,"column":64}},"type":"binary-expr","locations":[{"start":{"line":23,"column":26},"end":{"line":23,"column":51}},{"start":{"line":23,"column":55},"end":{"line":23,"column":64}}],"line":23}},"s":{"0":1,"1":1,"2":1,"3":5,"4":5,"5":5,"6":5,"7":5,"8":5,"9":5,"10":0,"11":1},"f":{"0":5},"b":{"0":[0],"1":[5],"2":[0,5],"3":[5,5],"4":[0,5],"5":[5,5],"6":[5,5,0],"7":[5,5]},"_coverageSchema":"1a1c01bbd47fc00a2c39e90264f33305004495a9","hash":"0bc6d58883606bcddc09904817b84161efe22aa5"}
,"C:\\Users\\azuce\\OneDrive\\Escritorio\\TesisProyect\\src\\utils\\pricingEngine.js": {"path":"C:\\Users\\azuce\\OneDrive\\Escritorio\\TesisProyect\\src\\utils\\pricingEngine.js","statementMap":{"0":{"start":{"line":2,"column":15},"end":{"line":2,"column":32}},"1":{"start":{"line":13,"column":22},"end":{"line":74,"column":1}},"2":{"start":{"line":14,"column":18},"end":{"line":14,"column":37}},"3":{"start":{"line":15,"column":16},"end":{"line":15,"column":34}},"4":{"start":{"line":16,"column":23},"end":{"line":16,"column":34}},"5":{"start":{"line":19,"column":4},"end":{"line":19,"column":87}},"6":{"start":{"line":19,"column":24},"end":{"line":19,"column":87}},"7":{"start":{"line":21,"column":28},"end":{"line":21,"column":63}},"8":{"start":{"line":22,"column":22},"end":{"line":22,"column":23}},"9":{"start":{"line":23,"column":23},"end":{"line":23,"column":24}},"10":{"start":{"line":26,"column":4},"end":{"line":33,"column":5}},"11":{"start":{"line":27,"column":8},"end":{"line":32,"column":10}},"12":{"start":{"line":35,"column":4},"end":{"line":59,"column":5}},"13":{"start":{"line":38,"column":34},"end":{"line":38,"column":63}},"14":{"start":{"line":39,"column":12},"end":{"line":39,"column":52}},"15":{"start":{"line":40,"column":12},"end":{"line":40,"column":55}},"16":{"start":{"line":41,"column":12},"end":{"line":41,"column":18}},"17":{"start":{"line":45,"column":12},"end":{"line":45,"column":40}},"18":{"start":{"line":46,"column":12},"end":{"line":46,"column":29}},"19":{"start":{"line":47,"column":12},"end":{"line":47,"column":18}},"20":{"start":{"line":51,"column":12},"end":{"line":51,"column":28}},"21":{"start":{"line":52,"column":12},"end":{"line":52,"column":29}},"22":{"start":{"line":53,"column":12},"end":{"line":53,"column":18}},"23":{"start":{"line":57,"column":33},"end":{"line":57,"column":73}},"24":{"start":{"line":58,"column":12},"end":{"line":58,"column":62}},"25":{"start":{"line":62,"column":4},"end":{"line":66,"column":5}},"26":{"start":{"line":63,"column":8},"end":{"line":65,"column":9}},"27":{"start":{"line":64,"column":12},"end":{"line":64,"column":49}},"28":{"start":{"line":68,"column":4},"end":{"line":73,"column":6}},"29":{"start":{"line":76,"column":0},"end":{"line":76,"column":35}}},"fnMap":{"0":{"name":"(anonymous_0)","decl":{"start":{"line":13,"column":22},"end":{"line":13,"column":23}},"loc":{"start":{"line":13,"column":53},"end":{"line":74,"column":1}},"line":13}},"branchMap":{"0":{"loc":{"start":{"line":19,"column":4},"end":{"line":19,"column":87}},"type":"if","locations":[{"start":{"line":19,"column":4},"end":{"line":19,"column":87}},{"start":{},"end":{}}],"line":19},"1":{"loc":{"start":{"line":26,"column":4},"end":{"line":33,"column":5}},"type":"if","locations":[{"start":{"line":26,"column":4},"end":{"line":33,"column":5}},{"start":{},"end":{}}],"line":26},"2":{"loc":{"start":{"line":26,"column":8},"end":{"line":26,"column":103}},"type":"binary-expr","locations":[{"start":{"line":26,"column":8},"end":{"line":26,"column":18}},{"start":{"line":26,"column":22},"end":{"line":26,"column":51}},{"start":{"line":26,"column":55},"end":{"line":26,"column":103}}],"line":26},"3":{"loc":{"start":{"line":35,"column":4},"end":{"line":59,"column":5}},"type":"switch","locations":[{"start":{"line":36,"column":8},"end":{"line":41,"column":18}},{"start":{"line":43,"column":8},"end":{"line":47,"column":18}},{"start":{"line":49,"column":8},"end":{"line":53,"column":18}},{"start":{"line":55,"column":8},"end":{"line":58,"column":62}}],"line":35},"4":{"loc":{"start":{"line":58,"column":42},"end":{"line":58,"column":60}},"type":"binary-expr","locations":[{"start":{"line":58,"column":42},"end":{"line":58,"column":55}},{"start":{"line":58,"column":59},"end":{"line":58,"column":60}}],"line":58},"5":{"loc":{"start":{"line":62,"column":4},"end":{"line":66,"column":5}},"type":"if","locations":[{"start":{"line":62,"column":4},"end":{"line":66,"column":5}},{"start":{},"end":{}}],"line":62},"6":{"loc":{"start":{"line":62,"column":8},"end":{"line":62,"column":70}},"type":"binary-expr","locations":[{"start":{"line":62,"column":8},"end":{"line":62,"column":30}},{"start":{"line":62,"column":34},"end":{"line":62,"column":44}},{"start":{"line":62,"column":48},"end":{"line":62,"column":70}}],"line":62},"7":{"loc":{"start":{"line":63,"column":8},"end":{"line":65,"column":9}},"type":"if","locations":[{"start":{"line":63,"column":8},"end":{"line":65,"column":9}},{"start":{},"end":{}}],"line":63}},"s":{"0":0,"1":0,"2":0,"3":0,"4":0,"5":0,"6":0,"7":0,"8":0,"9":0,"10":0,"11":0,"12":0,"13":0,"14":0,"15":0,"16":0,"17":0,"18":0,"19":0,"20":0,"21":0,"22":0,"23":0,"24":0,"25":0,"26":0,"27":0,"28":0,"29":0},"f":{"0":0},"b":{"0":[0,0],"1":[0,0],"2":[0,0,0],"3":[0,0,0,0],"4":[0,0],"5":[0,0],"6":[0,0,0],"7":[0,0]}}
,"C:\\Users\\azuce\\OneDrive\\Escritorio\\TesisProyect\\src\\utils\\tokenUtils.js": {"path":"C:\\Users\\azuce\\OneDrive\\Escritorio\\TesisProyect\\src\\utils\\tokenUtils.js","statementMap":{"0":{"start":{"line":2,"column":12},"end":{"line":2,"column":35}},"1":{"start":{"line":3,"column":15},"end":{"line":3,"column":32}},"2":{"start":{"line":4,"column":44},"end":{"line":4,"column":76}},"3":{"start":{"line":5,"column":53},"end":{"line":5,"column":83}},"4":{"start":{"line":6,"column":15},"end":{"line":6,"column":42}},"5":{"start":{"line":13,"column":28},"end":{"line":19,"column":1}},"6":{"start":{"line":14,"column":4},"end":{"line":18,"column":6}},"7":{"start":{"line":26,"column":29},"end":{"line":54,"column":1}},"8":{"start":{"line":28,"column":25},"end":{"line":28,"column":63}},"9":{"start":{"line":31,"column":16},"end":{"line":31,"column":47}},"10":{"start":{"line":37,"column":23},"end":{"line":37,"column":39}},"11":{"start":{"line":41,"column":20},"end":{"line":44,"column":5}},"12":{"start":{"line":46,"column":4},"end":{"line":46,"column":45}},"13":{"start":{"line":53,"column":4},"end":{"line":53,"column":24}},"14":{"start":{"line":61,"column":36},"end":{"line":74,"column":1}},"15":{"start":{"line":62,"column":16},"end":{"line":62,"column":40}},"16":{"start":{"line":63,"column":20},"end":{"line":63,"column":39}},"17":{"start":{"line":65,"column":4},"end":{"line":67,"column":5}},"18":{"start":{"line":66,"column":8},"end":{"line":66,"column":61}},"19":{"start":{"line":71,"column":4},"end":{"line":71,"column":27}},"20":{"start":{"line":73,"column":4},"end":{"line":73,"column":19}},"21":{"start":{"line":80,"column":27},"end":{"line":83,"column":1}},"22":{"start":{"line":81,"column":16},"end":{"line":81,"column":40}},"23":{"start":{"line":82,"column":4},"end":{"line":82,"column":27}},"24":{"start":{"line":85,"column":0},"end":{"line":90,"column":2}}},"fnMap":{"0":{"name":"(anonymous_0)","decl":{"start":{"line":13,"column":28},"end":{"line":13,"column":29}},"loc":{"start":{"line":13,"column":38},"end":{"line":19,"column":1}},"line":13},"1":{"name":"(anonymous_1)","decl":{"start":{"line":26,"column":29},"end":{"line":26,"column":30}},"loc":{"start":{"line":26,"column":45},"end":{"line":54,"column":1}},"line":26},"2":{"name":"(anonymous_2)","decl":{"start":{"line":61,"column":36},"end":{"line":61,"column":37}},"loc":{"start":{"line":61,"column":53},"end":{"line":74,"column":1}},"line":61},"3":{"name":"(anonymous_3)","decl":{"start":{"line":80,"column":27},"end":{"line":80,"column":28}},"loc":{"start":{"line":80,"column":44},"end":{"line":83,"column":1}},"line":80}},"branchMap":{"0":{"loc":{"start":{"line":43,"column":17},"end":{"line":43,"column":46}},"type":"binary-expr","locations":[{"start":{"line":43,"column":17},"end":{"line":43,"column":41}},{"start":{"line":43,"column":45},"end":{"line":43,"column":46}}],"line":43},"1":{"loc":{"start":{"line":65,"column":4},"end":{"line":67,"column":5}},"type":"if","locations":[{"start":{"line":65,"column":4},"end":{"line":67,"column":5}},{"start":{},"end":{}}],"line":65}},"s":{"0":1,"1":1,"2":1,"3":1,"4":1,"5":1,"6":4,"7":1,"8":1,"9":1,"10":1,"11":1,"12":1,"13":1,"14":1,"15":0,"16":0,"17":0,"18":0,"19":0,"20":0,"21":1,"22":0,"23":0,"24":1},"f":{"0":4,"1":1,"2":0,"3":0},"b":{"0":[1,1],"1":[0,0]},"_coverageSchema":"1a1c01bbd47fc00a2c39e90264f33305004495a9","hash":"a0aeb8c93af260c18a5e7c260a2f1e5deedf382d"}
}
